{"C:\\Users\\harry\\source\\repos\\qstephan\\Allergen-Alert-Frontend\\assets\\avatar.png": {"path":"C:\\Users\\harry\\source\\repos\\qstephan\\Allergen-Alert-Frontend\\assets\\avatar.png","statementMap":{"0":{"start":{"line":1,"column":0},"end":{"line":1,"column":19}}},"fnMap":{},"branchMap":{},"s":{"0":1},"f":{},"b":{},"inputSourceMap":null,"_coverageSchema":"1a1c01bbd47fc00a2c39e90264f33305004495a9","hash":"080e26bd9111ea32e158532a082a34f8643e7dba"}
,"C:\\Users\\harry\\source\\repos\\qstephan\\Allergen-Alert-Frontend\\assets\\bin.png": {"path":"C:\\Users\\harry\\source\\repos\\qstephan\\Allergen-Alert-Frontend\\assets\\bin.png","statementMap":{"0":{"start":{"line":1,"column":0},"end":{"line":1,"column":19}}},"fnMap":{},"branchMap":{},"s":{"0":1},"f":{},"b":{},"inputSourceMap":null,"_coverageSchema":"1a1c01bbd47fc00a2c39e90264f33305004495a9","hash":"23768650e8bd4f34558ee480c1733d44d542eb2e"}
,"C:\\Users\\harry\\source\\repos\\qstephan\\Allergen-Alert-Frontend\\assets\\login.png": {"path":"C:\\Users\\harry\\source\\repos\\qstephan\\Allergen-Alert-Frontend\\assets\\login.png","statementMap":{"0":{"start":{"line":1,"column":0},"end":{"line":1,"column":19}}},"fnMap":{},"branchMap":{},"s":{"0":1},"f":{},"b":{},"inputSourceMap":null,"_coverageSchema":"1a1c01bbd47fc00a2c39e90264f33305004495a9","hash":"22c5a7ae95fcbd4632bb0232656b4ebe32b8adbc"}
,"C:\\Users\\harry\\source\\repos\\qstephan\\Allergen-Alert-Frontend\\src\\context.js": {"path":"C:\\Users\\harry\\source\\repos\\qstephan\\Allergen-Alert-Frontend\\src\\context.js","statementMap":{"0":{"start":{"line":3,"column":27},"end":{"line":3,"column":42}}},"fnMap":{},"branchMap":{},"s":{"0":25},"f":{},"b":{},"_coverageSchema":"1a1c01bbd47fc00a2c39e90264f33305004495a9","hash":"d978bf0e50f5cf4c346273da5d1fd8cf0e6e2799"}
,"C:\\Users\\harry\\source\\repos\\qstephan\\Allergen-Alert-Frontend\\src\\style.js": {"path":"C:\\Users\\harry\\source\\repos\\qstephan\\Allergen-Alert-Frontend\\src\\style.js","statementMap":{"0":{"start":{"line":6,"column":15},"end":{"line":77,"column":1}},"1":{"start":{"line":79,"column":23},"end":{"line":86,"column":1}},"2":{"start":{"line":88,"column":15},"end":{"line":233,"column":2}}},"fnMap":{},"branchMap":{},"s":{"0":31,"1":31,"2":31},"f":{},"b":{},"_coverageSchema":"1a1c01bbd47fc00a2c39e90264f33305004495a9","hash":"20148d94e61a9532f2be5cb2285ac9d8a8905663"}
,"C:\\Users\\harry\\source\\repos\\qstephan\\Allergen-Alert-Frontend\\src\\components\\AddHeader.js": {"path":"C:\\Users\\harry\\source\\repos\\qstephan\\Allergen-Alert-Frontend\\src\\components\\AddHeader.js","statementMap":{"0":{"start":{"line":7,"column":4},"end":{"line":16,"column":5}}},"fnMap":{"0":{"name":"AddHeader","decl":{"start":{"line":6,"column":24},"end":{"line":6,"column":33}},"loc":{"start":{"line":6,"column":54},"end":{"line":17,"column":1}},"line":6}},"branchMap":{},"s":{"0":1},"f":{"0":1},"b":{},"_coverageSchema":"1a1c01bbd47fc00a2c39e90264f33305004495a9","hash":"f0f4f85f359e4cdc54fe186005383978a0764ba4"}
,"C:\\Users\\harry\\source\\repos\\qstephan\\Allergen-Alert-Frontend\\src\\components\\AlertBox.js": {"path":"C:\\Users\\harry\\source\\repos\\qstephan\\Allergen-Alert-Frontend\\src\\components\\AlertBox.js","statementMap":{"0":{"start":{"line":7,"column":22},"end":{"line":7,"column":59}},"1":{"start":{"line":9,"column":4},"end":{"line":29,"column":15}},"2":{"start":{"line":10,"column":8},"end":{"line":28,"column":9}},"3":{"start":{"line":11,"column":12},"end":{"line":18,"column":22}},"4":{"start":{"line":20,"column":12},"end":{"line":27,"column":22}},"5":{"start":{"line":31,"column":4},"end":{"line":50,"column":5}}},"fnMap":{"0":{"name":"AlertBox","decl":{"start":{"line":6,"column":24},"end":{"line":6,"column":32}},"loc":{"start":{"line":6,"column":55},"end":{"line":51,"column":1}},"line":6},"1":{"name":"(anonymous_1)","decl":{"start":{"line":9,"column":14},"end":{"line":9,"column":15}},"loc":{"start":{"line":9,"column":20},"end":{"line":29,"column":5}},"line":9}},"branchMap":{"0":{"loc":{"start":{"line":10,"column":8},"end":{"line":28,"column":9}},"type":"if","locations":[{"start":{"line":10,"column":8},"end":{"line":28,"column":9}},{"start":{"line":10,"column":8},"end":{"line":28,"column":9}}],"line":10}},"s":{"0":3,"1":3,"2":3,"3":0,"4":3,"5":3},"f":{"0":3,"1":3},"b":{"0":[0,3]},"_coverageSchema":"1a1c01bbd47fc00a2c39e90264f33305004495a9","hash":"b1aa871dbd1d036112add1d61425dc346a1a57ea"}
,"C:\\Users\\harry\\source\\repos\\qstephan\\Allergen-Alert-Frontend\\src\\components\\AnimatedFloatingButton.js": {"path":"C:\\Users\\harry\\source\\repos\\qstephan\\Allergen-Alert-Frontend\\src\\components\\AnimatedFloatingButton.js","statementMap":{"0":{"start":{"line":7,"column":22},"end":{"line":7,"column":59}},"1":{"start":{"line":8,"column":28},"end":{"line":8,"column":43}},"2":{"start":{"line":22,"column":8},"end":{"line":22,"column":22}},"3":{"start":{"line":25,"column":4},"end":{"line":72,"column":5}}},"fnMap":{"0":{"name":"AnimatedFloatingButton","decl":{"start":{"line":6,"column":24},"end":{"line":6,"column":46}},"loc":{"start":{"line":6,"column":58},"end":{"line":73,"column":1}},"line":6},"1":{"name":"onOpen","decl":{"start":{"line":10,"column":13},"end":{"line":10,"column":19}},"loc":{"start":{"line":10,"column":22},"end":{"line":23,"column":5}},"line":10}},"branchMap":{},"s":{"0":1,"1":1,"2":0,"3":1},"f":{"0":1,"1":0},"b":{},"_coverageSchema":"1a1c01bbd47fc00a2c39e90264f33305004495a9","hash":"943e40d35b09b035df5e998b090ce5c2855d161d"}
,"C:\\Users\\harry\\source\\repos\\qstephan\\Allergen-Alert-Frontend\\src\\components\\ButtonPartition.js": {"path":"C:\\Users\\harry\\source\\repos\\qstephan\\Allergen-Alert-Frontend\\src\\components\\ButtonPartition.js","statementMap":{"0":{"start":{"line":7,"column":4},"end":{"line":17,"column":5}}},"fnMap":{"0":{"name":"ButtonPartition","decl":{"start":{"line":6,"column":24},"end":{"line":6,"column":39}},"loc":{"start":{"line":6,"column":57},"end":{"line":18,"column":1}},"line":6}},"branchMap":{},"s":{"0":1},"f":{"0":1},"b":{},"_coverageSchema":"1a1c01bbd47fc00a2c39e90264f33305004495a9","hash":"9f1ead20fb0d8e33ddb0210efe79f26cea57a662"}
,"C:\\Users\\harry\\source\\repos\\qstephan\\Allergen-Alert-Frontend\\src\\components\\ButtonTextInput.js": {"path":"C:\\Users\\harry\\source\\repos\\qstephan\\Allergen-Alert-Frontend\\src\\components\\ButtonTextInput.js","statementMap":{"0":{"start":{"line":7,"column":34},"end":{"line":7,"column":49}},"1":{"start":{"line":10,"column":8},"end":{"line":10,"column":25}},"2":{"start":{"line":14,"column":8},"end":{"line":14,"column":26}},"3":{"start":{"line":17,"column":4},"end":{"line":31,"column":5}}},"fnMap":{"0":{"name":"ButtonTextInput","decl":{"start":{"line":6,"column":24},"end":{"line":6,"column":39}},"loc":{"start":{"line":6,"column":68},"end":{"line":32,"column":1}},"line":6},"1":{"name":"onFocus","decl":{"start":{"line":9,"column":13},"end":{"line":9,"column":20}},"loc":{"start":{"line":9,"column":23},"end":{"line":11,"column":5}},"line":9},"2":{"name":"onBlur","decl":{"start":{"line":13,"column":13},"end":{"line":13,"column":19}},"loc":{"start":{"line":13,"column":22},"end":{"line":15,"column":5}},"line":13}},"branchMap":{"0":{"loc":{"start":{"line":25,"column":128},"end":{"line":25,"column":160}},"type":"binary-expr","locations":[{"start":{"line":25,"column":128},"end":{"line":25,"column":135}},{"start":{"line":25,"column":139},"end":{"line":25,"column":160}}],"line":25}},"s":{"0":3,"1":0,"2":0,"3":3},"f":{"0":3,"1":0,"2":0},"b":{"0":[3,0]},"_coverageSchema":"1a1c01bbd47fc00a2c39e90264f33305004495a9","hash":"457399377c9f824c0b0d40d5e516d62146e0df34"}
,"C:\\Users\\harry\\source\\repos\\qstephan\\Allergen-Alert-Frontend\\src\\components\\Checkbox.js": {"path":"C:\\Users\\harry\\source\\repos\\qstephan\\Allergen-Alert-Frontend\\src\\components\\Checkbox.js","statementMap":{"0":{"start":{"line":7,"column":34},"end":{"line":7,"column":56}},"1":{"start":{"line":10,"column":8},"end":{"line":10,"column":29}},"2":{"start":{"line":11,"column":8},"end":{"line":11,"column":38}},"3":{"start":{"line":14,"column":4},"end":{"line":22,"column":5}}},"fnMap":{"0":{"name":"Checkbox","decl":{"start":{"line":6,"column":24},"end":{"line":6,"column":32}},"loc":{"start":{"line":6,"column":68},"end":{"line":23,"column":1}},"line":6},"1":{"name":"onPress","decl":{"start":{"line":9,"column":13},"end":{"line":9,"column":20}},"loc":{"start":{"line":9,"column":23},"end":{"line":12,"column":5}},"line":9}},"branchMap":{"0":{"loc":{"start":{"line":11,"column":8},"end":{"line":11,"column":37}},"type":"binary-expr","locations":[{"start":{"line":11,"column":8},"end":{"line":11,"column":16}},{"start":{"line":11,"column":20},"end":{"line":11,"column":37}}],"line":11},"1":{"loc":{"start":{"line":17,"column":16},"end":{"line":19,"column":102}},"type":"cond-expr","locations":[{"start":{"line":18,"column":22},"end":{"line":18,"column":92}},{"start":{"line":19,"column":22},"end":{"line":19,"column":102}}],"line":17}},"s":{"0":1,"1":0,"2":0,"3":1},"f":{"0":1,"1":0},"b":{"0":[0,0],"1":[0,1]},"_coverageSchema":"1a1c01bbd47fc00a2c39e90264f33305004495a9","hash":"c052c374077a86be4f7de41a1dd20000a04eb6da"}
,"C:\\Users\\harry\\source\\repos\\qstephan\\Allergen-Alert-Frontend\\src\\components\\Expandable.js": {"path":"C:\\Users\\harry\\source\\repos\\qstephan\\Allergen-Alert-Frontend\\src\\components\\Expandable.js","statementMap":{"0":{"start":{"line":5,"column":30},"end":{"line":5,"column":77}},"1":{"start":{"line":7,"column":0},"end":{"line":9,"column":1}},"2":{"start":{"line":8,"column":2},"end":{"line":8,"column":56}},"3":{"start":{"line":12,"column":22},"end":{"line":12,"column":59}},"4":{"start":{"line":13,"column":36},"end":{"line":13,"column":51}},"5":{"start":{"line":16,"column":8},"end":{"line":16,"column":77}},"6":{"start":{"line":17,"column":8},"end":{"line":17,"column":26}},"7":{"start":{"line":18,"column":8},"end":{"line":25,"column":18}},"8":{"start":{"line":29,"column":8},"end":{"line":29,"column":77}},"9":{"start":{"line":30,"column":8},"end":{"line":30,"column":27}},"10":{"start":{"line":31,"column":8},"end":{"line":38,"column":18}},"11":{"start":{"line":42,"column":8},"end":{"line":43,"column":22}},"12":{"start":{"line":42,"column":21},"end":{"line":42,"column":29}},"13":{"start":{"line":43,"column":13},"end":{"line":43,"column":22}},"14":{"start":{"line":46,"column":4},"end":{"line":94,"column":5}}},"fnMap":{"0":{"name":"Expandable","decl":{"start":{"line":11,"column":24},"end":{"line":11,"column":34}},"loc":{"start":{"line":11,"column":59},"end":{"line":95,"column":1}},"line":11},"1":{"name":"expand","decl":{"start":{"line":15,"column":13},"end":{"line":15,"column":19}},"loc":{"start":{"line":15,"column":22},"end":{"line":26,"column":5}},"line":15},"2":{"name":"close","decl":{"start":{"line":28,"column":13},"end":{"line":28,"column":18}},"loc":{"start":{"line":28,"column":21},"end":{"line":39,"column":5}},"line":28},"3":{"name":"toggleExpanded","decl":{"start":{"line":41,"column":13},"end":{"line":41,"column":27}},"loc":{"start":{"line":41,"column":30},"end":{"line":44,"column":5}},"line":41}},"branchMap":{"0":{"loc":{"start":{"line":7,"column":0},"end":{"line":9,"column":1}},"type":"if","locations":[{"start":{"line":7,"column":0},"end":{"line":9,"column":1}},{"start":{"line":7,"column":0},"end":{"line":9,"column":1}}],"line":7},"1":{"loc":{"start":{"line":7,"column":4},"end":{"line":7,"column":80}},"type":"binary-expr","locations":[{"start":{"line":7,"column":4},"end":{"line":7,"column":29}},{"start":{"line":7,"column":33},"end":{"line":7,"column":80}}],"line":7},"2":{"loc":{"start":{"line":42,"column":8},"end":{"line":43,"column":22}},"type":"if","locations":[{"start":{"line":42,"column":8},"end":{"line":43,"column":22}},{"start":{"line":42,"column":8},"end":{"line":43,"column":22}}],"line":42},"3":{"loc":{"start":{"line":54,"column":27},"end":{"line":54,"column":79}},"type":"cond-expr","locations":[{"start":{"line":54,"column":38},"end":{"line":54,"column":47}},{"start":{"line":54,"column":50},"end":{"line":54,"column":79}}],"line":54}},"s":{"0":2,"1":2,"2":0,"3":3,"4":3,"5":0,"6":0,"7":0,"8":0,"9":0,"10":0,"11":0,"12":0,"13":0,"14":3},"f":{"0":3,"1":0,"2":0,"3":0},"b":{"0":[0,2],"1":[2,0],"2":[0,0],"3":[0,3]},"_coverageSchema":"1a1c01bbd47fc00a2c39e90264f33305004495a9","hash":"a04212269ec268afc27f281228b0131fafabf9ac"}
,"C:\\Users\\harry\\source\\repos\\qstephan\\Allergen-Alert-Frontend\\src\\components\\ExpandableFloatingButton.js": {"path":"C:\\Users\\harry\\source\\repos\\qstephan\\Allergen-Alert-Frontend\\src\\components\\ExpandableFloatingButton.js","statementMap":{"0":{"start":{"line":7,"column":25},"end":{"line":7,"column":62}},"1":{"start":{"line":8,"column":34},"end":{"line":8,"column":49}},"2":{"start":{"line":9,"column":34},"end":{"line":9,"column":81}},"3":{"start":{"line":10,"column":30},"end":{"line":10,"column":73}},"4":{"start":{"line":13,"column":8},"end":{"line":13,"column":26}},"5":{"start":{"line":14,"column":8},"end":{"line":14,"column":33}},"6":{"start":{"line":18,"column":8},"end":{"line":18,"column":25}},"7":{"start":{"line":19,"column":8},"end":{"line":26,"column":18}},"8":{"start":{"line":30,"column":8},"end":{"line":30,"column":26}},"9":{"start":{"line":31,"column":8},"end":{"line":38,"column":18}},"10":{"start":{"line":42,"column":8},"end":{"line":43,"column":23}},"11":{"start":{"line":42,"column":20},"end":{"line":42,"column":31}},"12":{"start":{"line":43,"column":13},"end":{"line":43,"column":23}},"13":{"start":{"line":47,"column":8},"end":{"line":62,"column":10}},"14":{"start":{"line":66,"column":4},"end":{"line":155,"column":6}},"15":{"start":{"line":99,"column":24},"end":{"line":108,"column":44}},"16":{"start":{"line":103,"column":32},"end":{"line":103,"column":47}},"17":{"start":{"line":104,"column":32},"end":{"line":104,"column":43}}},"fnMap":{"0":{"name":"ExpandableFloatingButton","decl":{"start":{"line":6,"column":24},"end":{"line":6,"column":48}},"loc":{"start":{"line":6,"column":64},"end":{"line":156,"column":1}},"line":6},"1":{"name":"closeImmediate","decl":{"start":{"line":12,"column":13},"end":{"line":12,"column":27}},"loc":{"start":{"line":12,"column":30},"end":{"line":15,"column":5}},"line":12},"2":{"name":"openAdd","decl":{"start":{"line":17,"column":13},"end":{"line":17,"column":20}},"loc":{"start":{"line":17,"column":23},"end":{"line":27,"column":5}},"line":17},"3":{"name":"closeAdd","decl":{"start":{"line":29,"column":13},"end":{"line":29,"column":21}},"loc":{"start":{"line":29,"column":24},"end":{"line":39,"column":5}},"line":29},"4":{"name":"toggleAdd","decl":{"start":{"line":41,"column":13},"end":{"line":41,"column":22}},"loc":{"start":{"line":41,"column":25},"end":{"line":44,"column":5}},"line":41},"5":{"name":"ItemStyle","decl":{"start":{"line":46,"column":13},"end":{"line":46,"column":22}},"loc":{"start":{"line":46,"column":26},"end":{"line":63,"column":5}},"line":46},"6":{"name":"(anonymous_6)","decl":{"start":{"line":98,"column":30},"end":{"line":98,"column":31}},"loc":{"start":{"line":99,"column":24},"end":{"line":108,"column":44}},"line":99},"7":{"name":"(anonymous_7)","decl":{"start":{"line":102,"column":37},"end":{"line":102,"column":38}},"loc":{"start":{"line":102,"column":43},"end":{"line":105,"column":29}},"line":102}},"branchMap":{"0":{"loc":{"start":{"line":42,"column":8},"end":{"line":43,"column":23}},"type":"if","locations":[{"start":{"line":42,"column":8},"end":{"line":43,"column":23}},{"start":{"line":42,"column":8},"end":{"line":43,"column":23}}],"line":42},"1":{"loc":{"start":{"line":78,"column":31},"end":{"line":78,"column":56}},"type":"cond-expr","locations":[{"start":{"line":78,"column":41},"end":{"line":78,"column":47}},{"start":{"line":78,"column":50},"end":{"line":78,"column":56}}],"line":78},"2":{"loc":{"start":{"line":134,"column":30},"end":{"line":134,"column":43}},"type":"binary-expr","locations":[{"start":{"line":134,"column":30},"end":{"line":134,"column":34}},{"start":{"line":134,"column":38},"end":{"line":134,"column":43}}],"line":134}},"s":{"0":3,"1":3,"2":3,"3":3,"4":0,"5":0,"6":0,"7":0,"8":0,"9":0,"10":0,"11":0,"12":0,"13":6,"14":3,"15":6,"16":0,"17":0},"f":{"0":3,"1":0,"2":0,"3":0,"4":0,"5":6,"6":6,"7":0},"b":{"0":[0,0],"1":[0,3],"2":[3,1]},"_coverageSchema":"1a1c01bbd47fc00a2c39e90264f33305004495a9","hash":"d3ad711a09abd4280a6022604cedd8ebc9959449"}
,"C:\\Users\\harry\\source\\repos\\qstephan\\Allergen-Alert-Frontend\\src\\components\\FloatingButton.js": {"path":"C:\\Users\\harry\\source\\repos\\qstephan\\Allergen-Alert-Frontend\\src\\components\\FloatingButton.js","statementMap":{"0":{"start":{"line":7,"column":4},"end":{"line":11,"column":5}}},"fnMap":{"0":{"name":"FloatingButton","decl":{"start":{"line":5,"column":24},"end":{"line":5,"column":38}},"loc":{"start":{"line":5,"column":60},"end":{"line":12,"column":1}},"line":5}},"branchMap":{},"s":{"0":2},"f":{"0":2},"b":{},"_coverageSchema":"1a1c01bbd47fc00a2c39e90264f33305004495a9","hash":"14f86dfaa27e4212efc102ac2813af608769af62"}
,"C:\\Users\\harry\\source\\repos\\qstephan\\Allergen-Alert-Frontend\\src\\components\\FoodList.js": {"path":"C:\\Users\\harry\\source\\repos\\qstephan\\Allergen-Alert-Frontend\\src\\components\\FoodList.js","statementMap":{"0":{"start":{"line":9,"column":8},"end":{"line":12,"column":19}},"1":{"start":{"line":16,"column":8},"end":{"line":20,"column":9}},"2":{"start":{"line":17,"column":45},"end":{"line":17,"column":62}},"3":{"start":{"line":17,"column":85},"end":{"line":17,"column":103}},"4":{"start":{"line":23,"column":4},"end":{"line":32,"column":6}},"5":{"start":{"line":28,"column":34},"end":{"line":28,"column":45}}},"fnMap":{"0":{"name":"FoodList","decl":{"start":{"line":7,"column":24},"end":{"line":7,"column":32}},"loc":{"start":{"line":7,"column":104},"end":{"line":33,"column":1}},"line":7},"1":{"name":"renderEmptyComponent","decl":{"start":{"line":8,"column":13},"end":{"line":8,"column":33}},"loc":{"start":{"line":8,"column":36},"end":{"line":13,"column":5}},"line":8},"2":{"name":"renderItem","decl":{"start":{"line":15,"column":13},"end":{"line":15,"column":23}},"loc":{"start":{"line":15,"column":32},"end":{"line":21,"column":5}},"line":15},"3":{"name":"(anonymous_3)","decl":{"start":{"line":17,"column":39},"end":{"line":17,"column":40}},"loc":{"start":{"line":17,"column":45},"end":{"line":17,"column":62}},"line":17},"4":{"name":"(anonymous_4)","decl":{"start":{"line":17,"column":79},"end":{"line":17,"column":80}},"loc":{"start":{"line":17,"column":85},"end":{"line":17,"column":103}},"line":17},"5":{"name":"(anonymous_5)","decl":{"start":{"line":28,"column":26},"end":{"line":28,"column":27}},"loc":{"start":{"line":28,"column":34},"end":{"line":28,"column":45}},"line":28}},"branchMap":{"0":{"loc":{"start":{"line":9,"column":15},"end":{"line":12,"column":19}},"type":"cond-expr","locations":[{"start":{"line":9,"column":28},"end":{"line":9,"column":32}},{"start":{"line":10,"column":12},"end":{"line":12,"column":19}}],"line":9}},"s":{"0":2,"1":0,"2":0,"3":0,"4":2,"5":0},"f":{"0":2,"1":2,"2":0,"3":0,"4":0,"5":0},"b":{"0":[1,1]},"_coverageSchema":"1a1c01bbd47fc00a2c39e90264f33305004495a9","hash":"54d5a04b9a79a01bb430019db0291c9f3f762eb8"}
,"C:\\Users\\harry\\source\\repos\\qstephan\\Allergen-Alert-Frontend\\src\\components\\FormTextInput.js": {"path":"C:\\Users\\harry\\source\\repos\\qstephan\\Allergen-Alert-Frontend\\src\\components\\FormTextInput.js","statementMap":{"0":{"start":{"line":6,"column":34},"end":{"line":6,"column":49}},"1":{"start":{"line":9,"column":8},"end":{"line":9,"column":25}},"2":{"start":{"line":13,"column":8},"end":{"line":13,"column":26}},"3":{"start":{"line":16,"column":4},"end":{"line":23,"column":5}}},"fnMap":{"0":{"name":"FormTextInput","decl":{"start":{"line":5,"column":24},"end":{"line":5,"column":37}},"loc":{"start":{"line":5,"column":58},"end":{"line":24,"column":1}},"line":5},"1":{"name":"onFocus","decl":{"start":{"line":8,"column":13},"end":{"line":8,"column":20}},"loc":{"start":{"line":8,"column":23},"end":{"line":10,"column":5}},"line":8},"2":{"name":"onBlur","decl":{"start":{"line":12,"column":13},"end":{"line":12,"column":19}},"loc":{"start":{"line":12,"column":22},"end":{"line":14,"column":5}},"line":12}},"branchMap":{"0":{"loc":{"start":{"line":21,"column":34},"end":{"line":21,"column":72}},"type":"cond-expr","locations":[{"start":{"line":21,"column":42},"end":{"line":21,"column":55}},{"start":{"line":21,"column":58},"end":{"line":21,"column":72}}],"line":21},"1":{"loc":{"start":{"line":22,"column":38},"end":{"line":22,"column":68}},"type":"binary-expr","locations":[{"start":{"line":22,"column":38},"end":{"line":22,"column":43}},{"start":{"line":22,"column":47},"end":{"line":22,"column":68}}],"line":22},"2":{"loc":{"start":{"line":22,"column":70},"end":{"line":22,"column":102}},"type":"binary-expr","locations":[{"start":{"line":22,"column":70},"end":{"line":22,"column":77}},{"start":{"line":22,"column":81},"end":{"line":22,"column":102}}],"line":22}},"s":{"0":10,"1":0,"2":0,"3":10},"f":{"0":10,"1":0,"2":0},"b":{"0":[1,9],"1":[10,1],"2":[10,0]},"_coverageSchema":"1a1c01bbd47fc00a2c39e90264f33305004495a9","hash":"996213d98d94b304e8c04157c77c9fa3b7cde6af"}
,"C:\\Users\\harry\\source\\repos\\qstephan\\Allergen-Alert-Frontend\\src\\components\\IconFlatlist.js": {"path":"C:\\Users\\harry\\source\\repos\\qstephan\\Allergen-Alert-Frontend\\src\\components\\IconFlatlist.js","statementMap":{"0":{"start":{"line":9,"column":4},"end":{"line":17,"column":5}},"1":{"start":{"line":13,"column":16},"end":{"line":13,"column":64}}},"fnMap":{"0":{"name":"IconFlatlist","decl":{"start":{"line":7,"column":24},"end":{"line":7,"column":36}},"loc":{"start":{"line":7,"column":43},"end":{"line":18,"column":1}},"line":7},"1":{"name":"(anonymous_1)","decl":{"start":{"line":12,"column":32},"end":{"line":12,"column":33}},"loc":{"start":{"line":13,"column":16},"end":{"line":13,"column":64}},"line":13}},"branchMap":{},"s":{"0":1,"1":3},"f":{"0":1,"1":3},"b":{},"_coverageSchema":"1a1c01bbd47fc00a2c39e90264f33305004495a9","hash":"c4152942218a1dd60f017bbac70202495072fd79"}
,"C:\\Users\\harry\\source\\repos\\qstephan\\Allergen-Alert-Frontend\\src\\components\\LoadingAlertBox.js": {"path":"C:\\Users\\harry\\source\\repos\\qstephan\\Allergen-Alert-Frontend\\src\\components\\LoadingAlertBox.js","statementMap":{"0":{"start":{"line":7,"column":22},"end":{"line":7,"column":59}},"1":{"start":{"line":10,"column":8},"end":{"line":17,"column":18}},"2":{"start":{"line":21,"column":8},"end":{"line":31,"column":19}},"3":{"start":{"line":34,"column":4},"end":{"line":40,"column":17}},"4":{"start":{"line":35,"column":8},"end":{"line":39,"column":9}},"5":{"start":{"line":36,"column":12},"end":{"line":36,"column":19}},"6":{"start":{"line":38,"column":12},"end":{"line":38,"column":25}},"7":{"start":{"line":42,"column":15},"end":{"line":42,"column":49}},"8":{"start":{"line":43,"column":15},"end":{"line":43,"column":49}},"9":{"start":{"line":45,"column":4},"end":{"line":71,"column":6}}},"fnMap":{"0":{"name":"LoadingAlertBox","decl":{"start":{"line":6,"column":24},"end":{"line":6,"column":39}},"loc":{"start":{"line":6,"column":115},"end":{"line":72,"column":1}},"line":6},"1":{"name":"open","decl":{"start":{"line":9,"column":13},"end":{"line":9,"column":17}},"loc":{"start":{"line":9,"column":20},"end":{"line":18,"column":5}},"line":9},"2":{"name":"startClose","decl":{"start":{"line":20,"column":13},"end":{"line":20,"column":23}},"loc":{"start":{"line":20,"column":26},"end":{"line":32,"column":5}},"line":20},"3":{"name":"(anonymous_3)","decl":{"start":{"line":34,"column":14},"end":{"line":34,"column":15}},"loc":{"start":{"line":34,"column":20},"end":{"line":40,"column":5}},"line":34}},"branchMap":{"0":{"loc":{"start":{"line":35,"column":8},"end":{"line":39,"column":9}},"type":"if","locations":[{"start":{"line":35,"column":8},"end":{"line":39,"column":9}},{"start":{"line":35,"column":8},"end":{"line":39,"column":9}}],"line":35},"1":{"loc":{"start":{"line":42,"column":15},"end":{"line":42,"column":49}},"type":"cond-expr","locations":[{"start":{"line":42,"column":23},"end":{"line":42,"column":37}},{"start":{"line":42,"column":40},"end":{"line":42,"column":49}}],"line":42},"2":{"loc":{"start":{"line":43,"column":15},"end":{"line":43,"column":49}},"type":"cond-expr","locations":[{"start":{"line":43,"column":23},"end":{"line":43,"column":37}},{"start":{"line":43,"column":40},"end":{"line":43,"column":49}}],"line":43},"3":{"loc":{"start":{"line":63,"column":16},"end":{"line":65,"column":91}},"type":"cond-expr","locations":[{"start":{"line":64,"column":22},"end":{"line":64,"column":74}},{"start":{"line":65,"column":22},"end":{"line":65,"column":91}}],"line":63},"4":{"loc":{"start":{"line":65,"column":43},"end":{"line":65,"column":67}},"type":"cond-expr","locations":[{"start":{"line":65,"column":51},"end":{"line":65,"column":60}},{"start":{"line":65,"column":63},"end":{"line":65,"column":67}}],"line":65},"5":{"loc":{"start":{"line":69,"column":64},"end":{"line":69,"column":103}},"type":"binary-expr","locations":[{"start":{"line":69,"column":64},"end":{"line":69,"column":69}},{"start":{"line":69,"column":74},"end":{"line":69,"column":102}}],"line":69},"6":{"loc":{"start":{"line":69,"column":74},"end":{"line":69,"column":102}},"type":"cond-expr","locations":[{"start":{"line":69,"column":84},"end":{"line":69,"column":95}},{"start":{"line":69,"column":98},"end":{"line":69,"column":102}}],"line":69}},"s":{"0":4,"1":1,"2":3,"3":4,"4":4,"5":1,"6":3,"7":4,"8":4,"9":4},"f":{"0":4,"1":1,"2":3,"3":4},"b":{"0":[1,3],"1":[1,3],"2":[1,3],"3":[1,3],"4":[0,3],"5":[4,3],"6":[0,3]},"_coverageSchema":"1a1c01bbd47fc00a2c39e90264f33305004495a9","hash":"0a523abeeda6a723c4e6f7b2e2c6148cb1a5c3c5"}
,"C:\\Users\\harry\\source\\repos\\qstephan\\Allergen-Alert-Frontend\\src\\components\\LoadingButton.js": {"path":"C:\\Users\\harry\\source\\repos\\qstephan\\Allergen-Alert-Frontend\\src\\components\\LoadingButton.js","statementMap":{"0":{"start":{"line":4,"column":34},"end":{"line":4,"column":85}},"1":{"start":{"line":7,"column":22},"end":{"line":7,"column":59}},"2":{"start":{"line":8,"column":34},"end":{"line":8,"column":49}},"3":{"start":{"line":11,"column":8},"end":{"line":11,"column":25}},"4":{"start":{"line":15,"column":8},"end":{"line":15,"column":26}},"5":{"start":{"line":19,"column":8},"end":{"line":26,"column":25}},"6":{"start":{"line":30,"column":8},"end":{"line":37,"column":18}},"7":{"start":{"line":40,"column":4},"end":{"line":44,"column":20}},"8":{"start":{"line":41,"column":8},"end":{"line":42,"column":30}},"9":{"start":{"line":42,"column":12},"end":{"line":42,"column":30}},"10":{"start":{"line":47,"column":8},"end":{"line":47,"column":27}},"11":{"start":{"line":50,"column":4},"end":{"line":88,"column":5}}},"fnMap":{"0":{"name":"LoadingButton","decl":{"start":{"line":6,"column":24},"end":{"line":6,"column":37}},"loc":{"start":{"line":6,"column":77},"end":{"line":89,"column":1}},"line":6},"1":{"name":"onPressIn","decl":{"start":{"line":10,"column":13},"end":{"line":10,"column":22}},"loc":{"start":{"line":10,"column":25},"end":{"line":12,"column":5}},"line":10},"2":{"name":"onPressOut","decl":{"start":{"line":14,"column":13},"end":{"line":14,"column":23}},"loc":{"start":{"line":14,"column":26},"end":{"line":16,"column":5}},"line":14},"3":{"name":"animateLoadStart","decl":{"start":{"line":18,"column":13},"end":{"line":18,"column":29}},"loc":{"start":{"line":18,"column":32},"end":{"line":27,"column":5}},"line":18},"4":{"name":"animateLoadDone","decl":{"start":{"line":29,"column":13},"end":{"line":29,"column":28}},"loc":{"start":{"line":29,"column":31},"end":{"line":38,"column":5}},"line":29},"5":{"name":"(anonymous_5)","decl":{"start":{"line":40,"column":14},"end":{"line":40,"column":15}},"loc":{"start":{"line":40,"column":20},"end":{"line":44,"column":5}},"line":40},"6":{"name":"animatePress","decl":{"start":{"line":46,"column":13},"end":{"line":46,"column":25}},"loc":{"start":{"line":46,"column":28},"end":{"line":48,"column":5}},"line":46}},"branchMap":{"0":{"loc":{"start":{"line":41,"column":8},"end":{"line":42,"column":30}},"type":"if","locations":[{"start":{"line":41,"column":8},"end":{"line":42,"column":30}},{"start":{"line":41,"column":8},"end":{"line":42,"column":30}}],"line":41},"1":{"loc":{"start":{"line":52,"column":35},"end":{"line":52,"column":66}},"type":"binary-expr","locations":[{"start":{"line":52,"column":35},"end":{"line":52,"column":42}},{"start":{"line":52,"column":46},"end":{"line":52,"column":66}}],"line":52}},"s":{"0":23,"1":7,"2":7,"3":0,"4":0,"5":0,"6":6,"7":7,"8":7,"9":6,"10":0,"11":7},"f":{"0":7,"1":0,"2":0,"3":0,"4":6,"5":7,"6":0},"b":{"0":[6,1],"1":[7,0]},"_coverageSchema":"1a1c01bbd47fc00a2c39e90264f33305004495a9","hash":"4ef908eb91ef166801900bc574bca792d1a33303"}
,"C:\\Users\\harry\\source\\repos\\qstephan\\Allergen-Alert-Frontend\\src\\components\\PopupModal.js": {"path":"C:\\Users\\harry\\source\\repos\\qstephan\\Allergen-Alert-Frontend\\src\\components\\PopupModal.js","statementMap":{"0":{"start":{"line":8,"column":4},"end":{"line":53,"column":5}},"1":{"start":{"line":14,"column":34},"end":{"line":14,"column":51}},"2":{"start":{"line":17,"column":31},"end":{"line":17,"column":48}}},"fnMap":{"0":{"name":"PopupModal","decl":{"start":{"line":7,"column":24},"end":{"line":7,"column":34}},"loc":{"start":{"line":7,"column":75},"end":{"line":54,"column":1}},"line":7},"1":{"name":"(anonymous_1)","decl":{"start":{"line":14,"column":28},"end":{"line":14,"column":29}},"loc":{"start":{"line":14,"column":34},"end":{"line":14,"column":51}},"line":14},"2":{"name":"(anonymous_2)","decl":{"start":{"line":17,"column":25},"end":{"line":17,"column":26}},"loc":{"start":{"line":17,"column":31},"end":{"line":17,"column":48}},"line":17}},"branchMap":{},"s":{"0":4,"1":0,"2":0},"f":{"0":4,"1":0,"2":0},"b":{},"_coverageSchema":"1a1c01bbd47fc00a2c39e90264f33305004495a9","hash":"a408def240d2762b7d837b6e756c5713215a6648"}
,"C:\\Users\\harry\\source\\repos\\qstephan\\Allergen-Alert-Frontend\\src\\components\\SwipableEditListItem.js": {"path":"C:\\Users\\harry\\source\\repos\\qstephan\\Allergen-Alert-Frontend\\src\\components\\SwipableEditListItem.js","statementMap":{"0":{"start":{"line":7,"column":26},"end":{"line":7,"column":69}},"1":{"start":{"line":10,"column":21},"end":{"line":10,"column":56}},"2":{"start":{"line":13,"column":31},"end":{"line":17,"column":10}},"3":{"start":{"line":19,"column":29},"end":{"line":23,"column":10}},"4":{"start":{"line":25,"column":8},"end":{"line":68,"column":9}},"5":{"start":{"line":71,"column":4},"end":{"line":77,"column":6}}},"fnMap":{"0":{"name":"SwipableEditListItem","decl":{"start":{"line":9,"column":24},"end":{"line":9,"column":44}},"loc":{"start":{"line":9,"column":101},"end":{"line":78,"column":1}},"line":9},"1":{"name":"renderRightActions","decl":{"start":{"line":12,"column":13},"end":{"line":12,"column":31}},"loc":{"start":{"line":12,"column":49},"end":{"line":69,"column":5}},"line":12}},"branchMap":{},"s":{"0":1,"1":0,"2":0,"3":0,"4":0,"5":0},"f":{"0":0,"1":0},"b":{},"_coverageSchema":"1a1c01bbd47fc00a2c39e90264f33305004495a9","hash":"86cd2ee578a73142524ace13bf371b8a63db53b2"}
,"C:\\Users\\harry\\source\\repos\\qstephan\\Allergen-Alert-Frontend\\src\\components\\SwipableListItem.js": {"path":"C:\\Users\\harry\\source\\repos\\qstephan\\Allergen-Alert-Frontend\\src\\components\\SwipableListItem.js","statementMap":{"0":{"start":{"line":6,"column":26},"end":{"line":6,"column":69}},"1":{"start":{"line":9,"column":21},"end":{"line":9,"column":56}},"2":{"start":{"line":12,"column":18},"end":{"line":16,"column":10}},"3":{"start":{"line":18,"column":8},"end":{"line":39,"column":9}},"4":{"start":{"line":42,"column":4},"end":{"line":48,"column":6}}},"fnMap":{"0":{"name":"SwipableListItem","decl":{"start":{"line":8,"column":24},"end":{"line":8,"column":40}},"loc":{"start":{"line":8,"column":84},"end":{"line":49,"column":1}},"line":8},"1":{"name":"renderRightActions","decl":{"start":{"line":11,"column":13},"end":{"line":11,"column":31}},"loc":{"start":{"line":11,"column":49},"end":{"line":40,"column":5}},"line":11}},"branchMap":{},"s":{"0":4,"1":0,"2":0,"3":0,"4":0},"f":{"0":0,"1":0},"b":{},"_coverageSchema":"1a1c01bbd47fc00a2c39e90264f33305004495a9","hash":"b90fc424c772cf07c8a14ef8079f8a37e8e0a8f6"}
,"C:\\Users\\harry\\source\\repos\\qstephan\\Allergen-Alert-Frontend\\src\\components\\TextLoadingButton.js": {"path":"C:\\Users\\harry\\source\\repos\\qstephan\\Allergen-Alert-Frontend\\src\\components\\TextLoadingButton.js","statementMap":{"0":{"start":{"line":8,"column":4},"end":{"line":12,"column":5}}},"fnMap":{"0":{"name":"TextLoadingButton","decl":{"start":{"line":7,"column":24},"end":{"line":7,"column":41}},"loc":{"start":{"line":7,"column":77},"end":{"line":13,"column":1}},"line":7}},"branchMap":{},"s":{"0":6},"f":{"0":6},"b":{},"_coverageSchema":"1a1c01bbd47fc00a2c39e90264f33305004495a9","hash":"2fa6628b5dd6221aa297b8748cb43348f8a7fb9f"}
,"C:\\Users\\harry\\source\\repos\\qstephan\\Allergen-Alert-Frontend\\src\\hooks\\api.js": {"path":"C:\\Users\\harry\\source\\repos\\qstephan\\Allergen-Alert-Frontend\\src\\hooks\\api.js","statementMap":{"0":{"start":{"line":5,"column":17},"end":{"line":5,"column":44}},"1":{"start":{"line":8,"column":18},"end":{"line":10,"column":5}},"2":{"start":{"line":12,"column":4},"end":{"line":13,"column":65}},"3":{"start":{"line":13,"column":8},"end":{"line":13,"column":65}},"4":{"start":{"line":16,"column":4},"end":{"line":19,"column":38}},"5":{"start":{"line":17,"column":8},"end":{"line":17,"column":26}},"6":{"start":{"line":19,"column":8},"end":{"line":19,"column":38}},"7":{"start":{"line":21,"column":4},"end":{"line":42,"column":11}},"8":{"start":{"line":28,"column":11},"end":{"line":29,"column":46}},"9":{"start":{"line":29,"column":15},"end":{"line":29,"column":46}},"10":{"start":{"line":29,"column":29},"end":{"line":29,"column":46}},"11":{"start":{"line":31,"column":12},"end":{"line":32,"column":87}},"12":{"start":{"line":32,"column":16},"end":{"line":32,"column":87}},"13":{"start":{"line":32,"column":30},"end":{"line":32,"column":87}},"14":{"start":{"line":32,"column":76},"end":{"line":32,"column":83}},"15":{"start":{"line":34,"column":12},"end":{"line":37,"column":13}},"16":{"start":{"line":35,"column":16},"end":{"line":35,"column":37}},"17":{"start":{"line":36,"column":16},"end":{"line":36,"column":37}},"18":{"start":{"line":39,"column":12},"end":{"line":39,"column":84}},"19":{"start":{"line":41,"column":12},"end":{"line":41,"column":50}},"20":{"start":{"line":45,"column":23},"end":{"line":54,"column":1}},"21":{"start":{"line":49,"column":21},"end":{"line":49,"column":36}},"22":{"start":{"line":49,"column":49},"end":{"line":49,"column":53}},"23":{"start":{"line":52,"column":21},"end":{"line":52,"column":36}},"24":{"start":{"line":52,"column":49},"end":{"line":52,"column":85}},"25":{"start":{"line":56,"column":14},"end":{"line":68,"column":1}},"26":{"start":{"line":63,"column":21},"end":{"line":63,"column":36}},"27":{"start":{"line":63,"column":49},"end":{"line":63,"column":57}},"28":{"start":{"line":66,"column":21},"end":{"line":66,"column":36}},"29":{"start":{"line":66,"column":49},"end":{"line":66,"column":79}},"30":{"start":{"line":70,"column":27},"end":{"line":76,"column":1}},"31":{"start":{"line":74,"column":21},"end":{"line":74,"column":36}},"32":{"start":{"line":74,"column":49},"end":{"line":74,"column":53}},"33":{"start":{"line":78,"column":24},"end":{"line":84,"column":1}},"34":{"start":{"line":82,"column":21},"end":{"line":82,"column":36}},"35":{"start":{"line":82,"column":49},"end":{"line":82,"column":57}},"36":{"start":{"line":86,"column":24},"end":{"line":95,"column":1}},"37":{"start":{"line":90,"column":21},"end":{"line":90,"column":36}},"38":{"start":{"line":90,"column":49},"end":{"line":90,"column":53}},"39":{"start":{"line":93,"column":21},"end":{"line":93,"column":36}},"40":{"start":{"line":93,"column":49},"end":{"line":93,"column":97}},"41":{"start":{"line":97,"column":15},"end":{"line":109,"column":1}},"42":{"start":{"line":104,"column":21},"end":{"line":104,"column":36}},"43":{"start":{"line":104,"column":49},"end":{"line":104,"column":53}},"44":{"start":{"line":107,"column":21},"end":{"line":107,"column":36}},"45":{"start":{"line":107,"column":49},"end":{"line":107,"column":57}},"46":{"start":{"line":111,"column":16},"end":{"line":117,"column":1}},"47":{"start":{"line":115,"column":21},"end":{"line":115,"column":36}},"48":{"start":{"line":115,"column":49},"end":{"line":115,"column":57}},"49":{"start":{"line":119,"column":20},"end":{"line":125,"column":1}},"50":{"start":{"line":123,"column":21},"end":{"line":123,"column":36}},"51":{"start":{"line":123,"column":49},"end":{"line":123,"column":57}},"52":{"start":{"line":127,"column":19},"end":{"line":133,"column":1}},"53":{"start":{"line":131,"column":21},"end":{"line":131,"column":36}},"54":{"start":{"line":131,"column":49},"end":{"line":131,"column":53}},"55":{"start":{"line":135,"column":21},"end":{"line":144,"column":1}},"56":{"start":{"line":136,"column":14},"end":{"line":136,"column":40}},"57":{"start":{"line":139,"column":21},"end":{"line":139,"column":36}},"58":{"start":{"line":139,"column":49},"end":{"line":139,"column":57}},"59":{"start":{"line":142,"column":21},"end":{"line":142,"column":36}},"60":{"start":{"line":142,"column":49},"end":{"line":142,"column":62}},"61":{"start":{"line":146,"column":20},"end":{"line":152,"column":1}},"62":{"start":{"line":150,"column":21},"end":{"line":150,"column":36}},"63":{"start":{"line":150,"column":49},"end":{"line":150,"column":57}},"64":{"start":{"line":155,"column":25},"end":{"line":164,"column":1}},"65":{"start":{"line":159,"column":21},"end":{"line":159,"column":36}},"66":{"start":{"line":159,"column":49},"end":{"line":159,"column":53}},"67":{"start":{"line":162,"column":21},"end":{"line":162,"column":36}},"68":{"start":{"line":162,"column":49},"end":{"line":162,"column":82}},"69":{"start":{"line":166,"column":23},"end":{"line":172,"column":1}},"70":{"start":{"line":170,"column":21},"end":{"line":170,"column":36}},"71":{"start":{"line":170,"column":49},"end":{"line":170,"column":57}},"72":{"start":{"line":174,"column":22},"end":{"line":180,"column":1}},"73":{"start":{"line":178,"column":21},"end":{"line":178,"column":36}},"74":{"start":{"line":178,"column":49},"end":{"line":178,"column":53}},"75":{"start":{"line":182,"column":24},"end":{"line":188,"column":1}},"76":{"start":{"line":183,"column":14},"end":{"line":183,"column":50}},"77":{"start":{"line":186,"column":21},"end":{"line":186,"column":36}},"78":{"start":{"line":186,"column":49},"end":{"line":186,"column":53}},"79":{"start":{"line":190,"column":22},"end":{"line":199,"column":1}},"80":{"start":{"line":194,"column":21},"end":{"line":194,"column":36}},"81":{"start":{"line":194,"column":49},"end":{"line":194,"column":53}},"82":{"start":{"line":197,"column":21},"end":{"line":197,"column":36}},"83":{"start":{"line":197,"column":49},"end":{"line":197,"column":57}},"84":{"start":{"line":201,"column":19},"end":{"line":210,"column":1}},"85":{"start":{"line":205,"column":21},"end":{"line":205,"column":36}},"86":{"start":{"line":205,"column":49},"end":{"line":205,"column":57}},"87":{"start":{"line":208,"column":21},"end":{"line":208,"column":36}},"88":{"start":{"line":208,"column":49},"end":{"line":208,"column":57}},"89":{"start":{"line":212,"column":18},"end":{"line":221,"column":1}},"90":{"start":{"line":216,"column":21},"end":{"line":216,"column":36}},"91":{"start":{"line":216,"column":49},"end":{"line":216,"column":53}},"92":{"start":{"line":219,"column":21},"end":{"line":219,"column":36}},"93":{"start":{"line":219,"column":49},"end":{"line":219,"column":57}},"94":{"start":{"line":223,"column":16},"end":{"line":232,"column":1}},"95":{"start":{"line":224,"column":14},"end":{"line":224,"column":29}},"96":{"start":{"line":227,"column":21},"end":{"line":227,"column":36}},"97":{"start":{"line":227,"column":49},"end":{"line":227,"column":57}},"98":{"start":{"line":230,"column":21},"end":{"line":230,"column":36}},"99":{"start":{"line":230,"column":49},"end":{"line":230,"column":66}},"100":{"start":{"line":234,"column":22},"end":{"line":243,"column":1}},"101":{"start":{"line":235,"column":14},"end":{"line":235,"column":41}},"102":{"start":{"line":238,"column":21},"end":{"line":238,"column":36}},"103":{"start":{"line":238,"column":49},"end":{"line":238,"column":57}},"104":{"start":{"line":241,"column":21},"end":{"line":241,"column":36}},"105":{"start":{"line":241,"column":49},"end":{"line":241,"column":65}},"106":{"start":{"line":245,"column":24},"end":{"line":252,"column":1}},"107":{"start":{"line":249,"column":21},"end":{"line":249,"column":36}},"108":{"start":{"line":249,"column":49},"end":{"line":249,"column":57}},"109":{"start":{"line":254,"column":22},"end":{"line":261,"column":1}},"110":{"start":{"line":258,"column":21},"end":{"line":258,"column":36}},"111":{"start":{"line":258,"column":49},"end":{"line":258,"column":57}},"112":{"start":{"line":263,"column":21},"end":{"line":270,"column":1}},"113":{"start":{"line":264,"column":14},"end":{"line":264,"column":35}},"114":{"start":{"line":267,"column":21},"end":{"line":267,"column":36}},"115":{"start":{"line":267,"column":49},"end":{"line":267,"column":53}},"116":{"start":{"line":273,"column":20},"end":{"line":273,"column":43}},"117":{"start":{"line":274,"column":4},"end":{"line":274,"column":82}},"118":{"start":{"line":274,"column":26},"end":{"line":274,"column":80}},"119":{"start":{"line":278,"column":20},"end":{"line":278,"column":43}},"120":{"start":{"line":279,"column":4},"end":{"line":279,"column":90}},"121":{"start":{"line":279,"column":26},"end":{"line":279,"column":88}},"122":{"start":{"line":283,"column":20},"end":{"line":283,"column":43}},"123":{"start":{"line":284,"column":4},"end":{"line":284,"column":49}},"124":{"start":{"line":284,"column":26},"end":{"line":284,"column":47}},"125":{"start":{"line":289,"column":20},"end":{"line":289,"column":43}},"126":{"start":{"line":290,"column":4},"end":{"line":290,"column":57}},"127":{"start":{"line":290,"column":26},"end":{"line":290,"column":55}},"128":{"start":{"line":294,"column":4},"end":{"line":294,"column":48}},"129":{"start":{"line":295,"column":4},"end":{"line":295,"column":22}},"130":{"start":{"line":299,"column":20},"end":{"line":299,"column":43}},"131":{"start":{"line":300,"column":4},"end":{"line":300,"column":78}},"132":{"start":{"line":300,"column":26},"end":{"line":300,"column":76}},"133":{"start":{"line":304,"column":20},"end":{"line":304,"column":43}},"134":{"start":{"line":305,"column":4},"end":{"line":305,"column":75}},"135":{"start":{"line":305,"column":26},"end":{"line":305,"column":73}},"136":{"start":{"line":309,"column":20},"end":{"line":309,"column":43}},"137":{"start":{"line":310,"column":4},"end":{"line":310,"column":63}},"138":{"start":{"line":310,"column":27},"end":{"line":310,"column":62}},"139":{"start":{"line":314,"column":20},"end":{"line":314,"column":43}},"140":{"start":{"line":315,"column":4},"end":{"line":315,"column":57}},"141":{"start":{"line":315,"column":26},"end":{"line":315,"column":55}},"142":{"start":{"line":319,"column":20},"end":{"line":319,"column":43}},"143":{"start":{"line":320,"column":4},"end":{"line":320,"column":53}},"144":{"start":{"line":320,"column":26},"end":{"line":320,"column":51}},"145":{"start":{"line":324,"column":20},"end":{"line":324,"column":43}},"146":{"start":{"line":325,"column":4},"end":{"line":325,"column":85}},"147":{"start":{"line":325,"column":30},"end":{"line":325,"column":83}},"148":{"start":{"line":329,"column":20},"end":{"line":329,"column":43}},"149":{"start":{"line":330,"column":4},"end":{"line":330,"column":56}},"150":{"start":{"line":330,"column":26},"end":{"line":330,"column":54}},"151":{"start":{"line":334,"column":4},"end":{"line":334,"column":50}},"152":{"start":{"line":335,"column":4},"end":{"line":335,"column":25}},"153":{"start":{"line":339,"column":20},"end":{"line":339,"column":43}},"154":{"start":{"line":340,"column":4},"end":{"line":340,"column":93}},"155":{"start":{"line":340,"column":30},"end":{"line":340,"column":91}},"156":{"start":{"line":344,"column":20},"end":{"line":344,"column":43}},"157":{"start":{"line":345,"column":4},"end":{"line":345,"column":100}},"158":{"start":{"line":345,"column":43},"end":{"line":345,"column":99}},"159":{"start":{"line":349,"column":4},"end":{"line":349,"column":47}},"160":{"start":{"line":349,"column":28},"end":{"line":349,"column":45}},"161":{"start":{"line":353,"column":4},"end":{"line":355,"column":7}},"162":{"start":{"line":354,"column":8},"end":{"line":354,"column":44}},"163":{"start":{"line":354,"column":37},"end":{"line":354,"column":42}},"164":{"start":{"line":359,"column":4},"end":{"line":359,"column":57}},"165":{"start":{"line":360,"column":4},"end":{"line":360,"column":30}},"166":{"start":{"line":364,"column":20},"end":{"line":364,"column":43}},"167":{"start":{"line":365,"column":4},"end":{"line":365,"column":86}},"168":{"start":{"line":365,"column":26},"end":{"line":365,"column":84}},"169":{"start":{"line":369,"column":20},"end":{"line":369,"column":43}},"170":{"start":{"line":370,"column":4},"end":{"line":370,"column":106}},"171":{"start":{"line":370,"column":42},"end":{"line":370,"column":104}},"172":{"start":{"line":376,"column":20},"end":{"line":376,"column":43}},"173":{"start":{"line":377,"column":4},"end":{"line":377,"column":66}},"174":{"start":{"line":377,"column":26},"end":{"line":377,"column":65}},"175":{"start":{"line":381,"column":4},"end":{"line":381,"column":55}},"176":{"start":{"line":382,"column":4},"end":{"line":382,"column":23}},"177":{"start":{"line":386,"column":20},"end":{"line":386,"column":43}},"178":{"start":{"line":388,"column":4},"end":{"line":388,"column":68}},"179":{"start":{"line":388,"column":26},"end":{"line":388,"column":66}},"180":{"start":{"line":392,"column":20},"end":{"line":392,"column":43}},"181":{"start":{"line":393,"column":4},"end":{"line":393,"column":78}},"182":{"start":{"line":393,"column":26},"end":{"line":393,"column":76}},"183":{"start":{"line":397,"column":20},"end":{"line":397,"column":43}},"184":{"start":{"line":398,"column":4},"end":{"line":398,"column":82}},"185":{"start":{"line":398,"column":26},"end":{"line":398,"column":80}},"186":{"start":{"line":402,"column":20},"end":{"line":402,"column":43}},"187":{"start":{"line":403,"column":4},"end":{"line":403,"column":91}},"188":{"start":{"line":403,"column":26},"end":{"line":403,"column":89}},"189":{"start":{"line":407,"column":20},"end":{"line":407,"column":43}},"190":{"start":{"line":408,"column":4},"end":{"line":408,"column":57}},"191":{"start":{"line":408,"column":26},"end":{"line":408,"column":55}},"192":{"start":{"line":412,"column":20},"end":{"line":412,"column":43}},"193":{"start":{"line":413,"column":4},"end":{"line":413,"column":55}},"194":{"start":{"line":413,"column":26},"end":{"line":413,"column":53}},"195":{"start":{"line":417,"column":20},"end":{"line":417,"column":43}},"196":{"start":{"line":418,"column":4},"end":{"line":418,"column":82}},"197":{"start":{"line":418,"column":35},"end":{"line":418,"column":80}}},"fnMap":{"0":{"name":"api","decl":{"start":{"line":7,"column":9},"end":{"line":7,"column":12}},"loc":{"start":{"line":7,"column":59},"end":{"line":43,"column":1}},"line":7},"1":{"name":"(anonymous_1)","decl":{"start":{"line":27,"column":14},"end":{"line":27,"column":15}},"loc":{"start":{"line":27,"column":19},"end":{"line":42,"column":9}},"line":27},"2":{"name":"(anonymous_2)","decl":{"start":{"line":32,"column":69},"end":{"line":32,"column":70}},"loc":{"start":{"line":32,"column":74},"end":{"line":32,"column":85}},"line":32},"3":{"name":"(anonymous_3)","decl":{"start":{"line":49,"column":16},"end":{"line":49,"column":17}},"loc":{"start":{"line":49,"column":21},"end":{"line":49,"column":36}},"line":49},"4":{"name":"(anonymous_4)","decl":{"start":{"line":49,"column":44},"end":{"line":49,"column":45}},"loc":{"start":{"line":49,"column":49},"end":{"line":49,"column":53}},"line":49},"5":{"name":"(anonymous_5)","decl":{"start":{"line":52,"column":16},"end":{"line":52,"column":17}},"loc":{"start":{"line":52,"column":21},"end":{"line":52,"column":36}},"line":52},"6":{"name":"(anonymous_6)","decl":{"start":{"line":52,"column":44},"end":{"line":52,"column":45}},"loc":{"start":{"line":52,"column":49},"end":{"line":52,"column":85}},"line":52},"7":{"name":"(anonymous_7)","decl":{"start":{"line":63,"column":16},"end":{"line":63,"column":17}},"loc":{"start":{"line":63,"column":21},"end":{"line":63,"column":36}},"line":63},"8":{"name":"(anonymous_8)","decl":{"start":{"line":63,"column":44},"end":{"line":63,"column":45}},"loc":{"start":{"line":63,"column":49},"end":{"line":63,"column":57}},"line":63},"9":{"name":"(anonymous_9)","decl":{"start":{"line":66,"column":16},"end":{"line":66,"column":17}},"loc":{"start":{"line":66,"column":21},"end":{"line":66,"column":36}},"line":66},"10":{"name":"(anonymous_10)","decl":{"start":{"line":66,"column":44},"end":{"line":66,"column":45}},"loc":{"start":{"line":66,"column":49},"end":{"line":66,"column":79}},"line":66},"11":{"name":"(anonymous_11)","decl":{"start":{"line":74,"column":16},"end":{"line":74,"column":17}},"loc":{"start":{"line":74,"column":21},"end":{"line":74,"column":36}},"line":74},"12":{"name":"(anonymous_12)","decl":{"start":{"line":74,"column":44},"end":{"line":74,"column":45}},"loc":{"start":{"line":74,"column":49},"end":{"line":74,"column":53}},"line":74},"13":{"name":"(anonymous_13)","decl":{"start":{"line":82,"column":16},"end":{"line":82,"column":17}},"loc":{"start":{"line":82,"column":21},"end":{"line":82,"column":36}},"line":82},"14":{"name":"(anonymous_14)","decl":{"start":{"line":82,"column":44},"end":{"line":82,"column":45}},"loc":{"start":{"line":82,"column":49},"end":{"line":82,"column":57}},"line":82},"15":{"name":"(anonymous_15)","decl":{"start":{"line":90,"column":16},"end":{"line":90,"column":17}},"loc":{"start":{"line":90,"column":21},"end":{"line":90,"column":36}},"line":90},"16":{"name":"(anonymous_16)","decl":{"start":{"line":90,"column":44},"end":{"line":90,"column":45}},"loc":{"start":{"line":90,"column":49},"end":{"line":90,"column":53}},"line":90},"17":{"name":"(anonymous_17)","decl":{"start":{"line":93,"column":16},"end":{"line":93,"column":17}},"loc":{"start":{"line":93,"column":21},"end":{"line":93,"column":36}},"line":93},"18":{"name":"(anonymous_18)","decl":{"start":{"line":93,"column":44},"end":{"line":93,"column":45}},"loc":{"start":{"line":93,"column":49},"end":{"line":93,"column":97}},"line":93},"19":{"name":"(anonymous_19)","decl":{"start":{"line":104,"column":16},"end":{"line":104,"column":17}},"loc":{"start":{"line":104,"column":21},"end":{"line":104,"column":36}},"line":104},"20":{"name":"(anonymous_20)","decl":{"start":{"line":104,"column":44},"end":{"line":104,"column":45}},"loc":{"start":{"line":104,"column":49},"end":{"line":104,"column":53}},"line":104},"21":{"name":"(anonymous_21)","decl":{"start":{"line":107,"column":16},"end":{"line":107,"column":17}},"loc":{"start":{"line":107,"column":21},"end":{"line":107,"column":36}},"line":107},"22":{"name":"(anonymous_22)","decl":{"start":{"line":107,"column":44},"end":{"line":107,"column":45}},"loc":{"start":{"line":107,"column":49},"end":{"line":107,"column":57}},"line":107},"23":{"name":"(anonymous_23)","decl":{"start":{"line":115,"column":16},"end":{"line":115,"column":17}},"loc":{"start":{"line":115,"column":21},"end":{"line":115,"column":36}},"line":115},"24":{"name":"(anonymous_24)","decl":{"start":{"line":115,"column":44},"end":{"line":115,"column":45}},"loc":{"start":{"line":115,"column":49},"end":{"line":115,"column":57}},"line":115},"25":{"name":"(anonymous_25)","decl":{"start":{"line":123,"column":16},"end":{"line":123,"column":17}},"loc":{"start":{"line":123,"column":21},"end":{"line":123,"column":36}},"line":123},"26":{"name":"(anonymous_26)","decl":{"start":{"line":123,"column":44},"end":{"line":123,"column":45}},"loc":{"start":{"line":123,"column":49},"end":{"line":123,"column":57}},"line":123},"27":{"name":"(anonymous_27)","decl":{"start":{"line":131,"column":16},"end":{"line":131,"column":17}},"loc":{"start":{"line":131,"column":21},"end":{"line":131,"column":36}},"line":131},"28":{"name":"(anonymous_28)","decl":{"start":{"line":131,"column":44},"end":{"line":131,"column":45}},"loc":{"start":{"line":131,"column":49},"end":{"line":131,"column":53}},"line":131},"29":{"name":"(anonymous_29)","decl":{"start":{"line":136,"column":9},"end":{"line":136,"column":10}},"loc":{"start":{"line":136,"column":14},"end":{"line":136,"column":40}},"line":136},"30":{"name":"(anonymous_30)","decl":{"start":{"line":139,"column":16},"end":{"line":139,"column":17}},"loc":{"start":{"line":139,"column":21},"end":{"line":139,"column":36}},"line":139},"31":{"name":"(anonymous_31)","decl":{"start":{"line":139,"column":44},"end":{"line":139,"column":45}},"loc":{"start":{"line":139,"column":49},"end":{"line":139,"column":57}},"line":139},"32":{"name":"(anonymous_32)","decl":{"start":{"line":142,"column":16},"end":{"line":142,"column":17}},"loc":{"start":{"line":142,"column":21},"end":{"line":142,"column":36}},"line":142},"33":{"name":"(anonymous_33)","decl":{"start":{"line":142,"column":44},"end":{"line":142,"column":45}},"loc":{"start":{"line":142,"column":49},"end":{"line":142,"column":62}},"line":142},"34":{"name":"(anonymous_34)","decl":{"start":{"line":150,"column":16},"end":{"line":150,"column":17}},"loc":{"start":{"line":150,"column":21},"end":{"line":150,"column":36}},"line":150},"35":{"name":"(anonymous_35)","decl":{"start":{"line":150,"column":44},"end":{"line":150,"column":45}},"loc":{"start":{"line":150,"column":49},"end":{"line":150,"column":57}},"line":150},"36":{"name":"(anonymous_36)","decl":{"start":{"line":159,"column":16},"end":{"line":159,"column":17}},"loc":{"start":{"line":159,"column":21},"end":{"line":159,"column":36}},"line":159},"37":{"name":"(anonymous_37)","decl":{"start":{"line":159,"column":44},"end":{"line":159,"column":45}},"loc":{"start":{"line":159,"column":49},"end":{"line":159,"column":53}},"line":159},"38":{"name":"(anonymous_38)","decl":{"start":{"line":162,"column":16},"end":{"line":162,"column":17}},"loc":{"start":{"line":162,"column":21},"end":{"line":162,"column":36}},"line":162},"39":{"name":"(anonymous_39)","decl":{"start":{"line":162,"column":44},"end":{"line":162,"column":45}},"loc":{"start":{"line":162,"column":49},"end":{"line":162,"column":82}},"line":162},"40":{"name":"(anonymous_40)","decl":{"start":{"line":170,"column":16},"end":{"line":170,"column":17}},"loc":{"start":{"line":170,"column":21},"end":{"line":170,"column":36}},"line":170},"41":{"name":"(anonymous_41)","decl":{"start":{"line":170,"column":44},"end":{"line":170,"column":45}},"loc":{"start":{"line":170,"column":49},"end":{"line":170,"column":57}},"line":170},"42":{"name":"(anonymous_42)","decl":{"start":{"line":178,"column":16},"end":{"line":178,"column":17}},"loc":{"start":{"line":178,"column":21},"end":{"line":178,"column":36}},"line":178},"43":{"name":"(anonymous_43)","decl":{"start":{"line":178,"column":44},"end":{"line":178,"column":45}},"loc":{"start":{"line":178,"column":49},"end":{"line":178,"column":53}},"line":178},"44":{"name":"(anonymous_44)","decl":{"start":{"line":183,"column":9},"end":{"line":183,"column":10}},"loc":{"start":{"line":183,"column":14},"end":{"line":183,"column":50}},"line":183},"45":{"name":"(anonymous_45)","decl":{"start":{"line":186,"column":16},"end":{"line":186,"column":17}},"loc":{"start":{"line":186,"column":21},"end":{"line":186,"column":36}},"line":186},"46":{"name":"(anonymous_46)","decl":{"start":{"line":186,"column":44},"end":{"line":186,"column":45}},"loc":{"start":{"line":186,"column":49},"end":{"line":186,"column":53}},"line":186},"47":{"name":"(anonymous_47)","decl":{"start":{"line":194,"column":16},"end":{"line":194,"column":17}},"loc":{"start":{"line":194,"column":21},"end":{"line":194,"column":36}},"line":194},"48":{"name":"(anonymous_48)","decl":{"start":{"line":194,"column":44},"end":{"line":194,"column":45}},"loc":{"start":{"line":194,"column":49},"end":{"line":194,"column":53}},"line":194},"49":{"name":"(anonymous_49)","decl":{"start":{"line":197,"column":16},"end":{"line":197,"column":17}},"loc":{"start":{"line":197,"column":21},"end":{"line":197,"column":36}},"line":197},"50":{"name":"(anonymous_50)","decl":{"start":{"line":197,"column":44},"end":{"line":197,"column":45}},"loc":{"start":{"line":197,"column":49},"end":{"line":197,"column":57}},"line":197},"51":{"name":"(anonymous_51)","decl":{"start":{"line":205,"column":16},"end":{"line":205,"column":17}},"loc":{"start":{"line":205,"column":21},"end":{"line":205,"column":36}},"line":205},"52":{"name":"(anonymous_52)","decl":{"start":{"line":205,"column":44},"end":{"line":205,"column":45}},"loc":{"start":{"line":205,"column":49},"end":{"line":205,"column":57}},"line":205},"53":{"name":"(anonymous_53)","decl":{"start":{"line":208,"column":16},"end":{"line":208,"column":17}},"loc":{"start":{"line":208,"column":21},"end":{"line":208,"column":36}},"line":208},"54":{"name":"(anonymous_54)","decl":{"start":{"line":208,"column":44},"end":{"line":208,"column":45}},"loc":{"start":{"line":208,"column":49},"end":{"line":208,"column":57}},"line":208},"55":{"name":"(anonymous_55)","decl":{"start":{"line":216,"column":16},"end":{"line":216,"column":17}},"loc":{"start":{"line":216,"column":21},"end":{"line":216,"column":36}},"line":216},"56":{"name":"(anonymous_56)","decl":{"start":{"line":216,"column":44},"end":{"line":216,"column":45}},"loc":{"start":{"line":216,"column":49},"end":{"line":216,"column":53}},"line":216},"57":{"name":"(anonymous_57)","decl":{"start":{"line":219,"column":16},"end":{"line":219,"column":17}},"loc":{"start":{"line":219,"column":21},"end":{"line":219,"column":36}},"line":219},"58":{"name":"(anonymous_58)","decl":{"start":{"line":219,"column":44},"end":{"line":219,"column":45}},"loc":{"start":{"line":219,"column":49},"end":{"line":219,"column":57}},"line":219},"59":{"name":"(anonymous_59)","decl":{"start":{"line":224,"column":9},"end":{"line":224,"column":10}},"loc":{"start":{"line":224,"column":14},"end":{"line":224,"column":29}},"line":224},"60":{"name":"(anonymous_60)","decl":{"start":{"line":227,"column":16},"end":{"line":227,"column":17}},"loc":{"start":{"line":227,"column":21},"end":{"line":227,"column":36}},"line":227},"61":{"name":"(anonymous_61)","decl":{"start":{"line":227,"column":44},"end":{"line":227,"column":45}},"loc":{"start":{"line":227,"column":49},"end":{"line":227,"column":57}},"line":227},"62":{"name":"(anonymous_62)","decl":{"start":{"line":230,"column":16},"end":{"line":230,"column":17}},"loc":{"start":{"line":230,"column":21},"end":{"line":230,"column":36}},"line":230},"63":{"name":"(anonymous_63)","decl":{"start":{"line":230,"column":44},"end":{"line":230,"column":45}},"loc":{"start":{"line":230,"column":49},"end":{"line":230,"column":66}},"line":230},"64":{"name":"(anonymous_64)","decl":{"start":{"line":235,"column":9},"end":{"line":235,"column":10}},"loc":{"start":{"line":235,"column":14},"end":{"line":235,"column":41}},"line":235},"65":{"name":"(anonymous_65)","decl":{"start":{"line":238,"column":16},"end":{"line":238,"column":17}},"loc":{"start":{"line":238,"column":21},"end":{"line":238,"column":36}},"line":238},"66":{"name":"(anonymous_66)","decl":{"start":{"line":238,"column":44},"end":{"line":238,"column":45}},"loc":{"start":{"line":238,"column":49},"end":{"line":238,"column":57}},"line":238},"67":{"name":"(anonymous_67)","decl":{"start":{"line":241,"column":16},"end":{"line":241,"column":17}},"loc":{"start":{"line":241,"column":21},"end":{"line":241,"column":36}},"line":241},"68":{"name":"(anonymous_68)","decl":{"start":{"line":241,"column":44},"end":{"line":241,"column":45}},"loc":{"start":{"line":241,"column":49},"end":{"line":241,"column":65}},"line":241},"69":{"name":"(anonymous_69)","decl":{"start":{"line":249,"column":16},"end":{"line":249,"column":17}},"loc":{"start":{"line":249,"column":21},"end":{"line":249,"column":36}},"line":249},"70":{"name":"(anonymous_70)","decl":{"start":{"line":249,"column":44},"end":{"line":249,"column":45}},"loc":{"start":{"line":249,"column":49},"end":{"line":249,"column":57}},"line":249},"71":{"name":"(anonymous_71)","decl":{"start":{"line":258,"column":16},"end":{"line":258,"column":17}},"loc":{"start":{"line":258,"column":21},"end":{"line":258,"column":36}},"line":258},"72":{"name":"(anonymous_72)","decl":{"start":{"line":258,"column":44},"end":{"line":258,"column":45}},"loc":{"start":{"line":258,"column":49},"end":{"line":258,"column":57}},"line":258},"73":{"name":"(anonymous_73)","decl":{"start":{"line":264,"column":9},"end":{"line":264,"column":10}},"loc":{"start":{"line":264,"column":14},"end":{"line":264,"column":35}},"line":264},"74":{"name":"(anonymous_74)","decl":{"start":{"line":267,"column":16},"end":{"line":267,"column":17}},"loc":{"start":{"line":267,"column":21},"end":{"line":267,"column":36}},"line":267},"75":{"name":"(anonymous_75)","decl":{"start":{"line":267,"column":44},"end":{"line":267,"column":45}},"loc":{"start":{"line":267,"column":49},"end":{"line":267,"column":53}},"line":267},"76":{"name":"useLogin","decl":{"start":{"line":272,"column":16},"end":{"line":272,"column":24}},"loc":{"start":{"line":272,"column":45},"end":{"line":275,"column":1}},"line":272},"77":{"name":"(anonymous_77)","decl":{"start":{"line":274,"column":20},"end":{"line":274,"column":21}},"loc":{"start":{"line":274,"column":26},"end":{"line":274,"column":80}},"line":274},"78":{"name":"useCreateAccount","decl":{"start":{"line":277,"column":16},"end":{"line":277,"column":32}},"loc":{"start":{"line":277,"column":62},"end":{"line":280,"column":1}},"line":277},"79":{"name":"(anonymous_79)","decl":{"start":{"line":279,"column":20},"end":{"line":279,"column":21}},"loc":{"start":{"line":279,"column":26},"end":{"line":279,"column":88}},"line":279},"80":{"name":"useGetDiet","decl":{"start":{"line":282,"column":16},"end":{"line":282,"column":26}},"loc":{"start":{"line":282,"column":29},"end":{"line":285,"column":1}},"line":282},"81":{"name":"(anonymous_81)","decl":{"start":{"line":284,"column":20},"end":{"line":284,"column":21}},"loc":{"start":{"line":284,"column":26},"end":{"line":284,"column":47}},"line":284},"82":{"name":"useGetRestrictions","decl":{"start":{"line":288,"column":16},"end":{"line":288,"column":34}},"loc":{"start":{"line":288,"column":37},"end":{"line":291,"column":1}},"line":288},"83":{"name":"(anonymous_83)","decl":{"start":{"line":290,"column":20},"end":{"line":290,"column":21}},"loc":{"start":{"line":290,"column":26},"end":{"line":290,"column":55}},"line":290},"84":{"name":"getDeleteDiet","decl":{"start":{"line":293,"column":9},"end":{"line":293,"column":22}},"loc":{"start":{"line":293,"column":27},"end":{"line":296,"column":1}},"line":293},"85":{"name":"useDeleteDiet","decl":{"start":{"line":298,"column":16},"end":{"line":298,"column":29}},"loc":{"start":{"line":298,"column":32},"end":{"line":301,"column":1}},"line":298},"86":{"name":"(anonymous_86)","decl":{"start":{"line":300,"column":20},"end":{"line":300,"column":21}},"loc":{"start":{"line":300,"column":26},"end":{"line":300,"column":76}},"line":300},"87":{"name":"useAddRestriction","decl":{"start":{"line":303,"column":16},"end":{"line":303,"column":33}},"loc":{"start":{"line":303,"column":36},"end":{"line":306,"column":1}},"line":303},"88":{"name":"(anonymous_88)","decl":{"start":{"line":305,"column":20},"end":{"line":305,"column":21}},"loc":{"start":{"line":305,"column":26},"end":{"line":305,"column":73}},"line":305},"89":{"name":"useGetUpcSearch","decl":{"start":{"line":308,"column":16},"end":{"line":308,"column":31}},"loc":{"start":{"line":308,"column":34},"end":{"line":311,"column":1}},"line":308},"90":{"name":"(anonymous_90)","decl":{"start":{"line":310,"column":20},"end":{"line":310,"column":21}},"loc":{"start":{"line":310,"column":27},"end":{"line":310,"column":62}},"line":310},"91":{"name":"useGetFood","decl":{"start":{"line":313,"column":16},"end":{"line":313,"column":26}},"loc":{"start":{"line":313,"column":29},"end":{"line":316,"column":1}},"line":313},"92":{"name":"(anonymous_92)","decl":{"start":{"line":315,"column":20},"end":{"line":315,"column":21}},"loc":{"start":{"line":315,"column":26},"end":{"line":315,"column":55}},"line":315},"93":{"name":"useGetUsername","decl":{"start":{"line":318,"column":16},"end":{"line":318,"column":30}},"loc":{"start":{"line":318,"column":33},"end":{"line":321,"column":1}},"line":318},"94":{"name":"(anonymous_94)","decl":{"start":{"line":320,"column":20},"end":{"line":320,"column":21}},"loc":{"start":{"line":320,"column":26},"end":{"line":320,"column":51}},"line":320},"95":{"name":"useAddToGroceryList","decl":{"start":{"line":323,"column":16},"end":{"line":323,"column":35}},"loc":{"start":{"line":323,"column":38},"end":{"line":326,"column":1}},"line":323},"96":{"name":"(anonymous_96)","decl":{"start":{"line":325,"column":20},"end":{"line":325,"column":21}},"loc":{"start":{"line":325,"column":30},"end":{"line":325,"column":83}},"line":325},"97":{"name":"useGetGroceryList","decl":{"start":{"line":328,"column":16},"end":{"line":328,"column":33}},"loc":{"start":{"line":328,"column":36},"end":{"line":331,"column":1}},"line":328},"98":{"name":"(anonymous_98)","decl":{"start":{"line":330,"column":20},"end":{"line":330,"column":21}},"loc":{"start":{"line":330,"column":26},"end":{"line":330,"column":54}},"line":330},"99":{"name":"getDeleteGrocery","decl":{"start":{"line":333,"column":9},"end":{"line":333,"column":25}},"loc":{"start":{"line":333,"column":34},"end":{"line":336,"column":1}},"line":333},"100":{"name":"useDeleteGrocery","decl":{"start":{"line":338,"column":16},"end":{"line":338,"column":32}},"loc":{"start":{"line":338,"column":35},"end":{"line":341,"column":1}},"line":338},"101":{"name":"(anonymous_101)","decl":{"start":{"line":340,"column":20},"end":{"line":340,"column":21}},"loc":{"start":{"line":340,"column":30},"end":{"line":340,"column":91}},"line":340},"102":{"name":"useTogglePurchased","decl":{"start":{"line":343,"column":16},"end":{"line":343,"column":34}},"loc":{"start":{"line":343,"column":37},"end":{"line":346,"column":1}},"line":343},"103":{"name":"(anonymous_103)","decl":{"start":{"line":345,"column":20},"end":{"line":345,"column":21}},"loc":{"start":{"line":345,"column":43},"end":{"line":345,"column":99}},"line":345},"104":{"name":"sleep","decl":{"start":{"line":348,"column":9},"end":{"line":348,"column":14}},"loc":{"start":{"line":348,"column":19},"end":{"line":350,"column":1}},"line":348},"105":{"name":"(anonymous_105)","decl":{"start":{"line":349,"column":23},"end":{"line":349,"column":24}},"loc":{"start":{"line":349,"column":28},"end":{"line":349,"column":45}},"line":349},"106":{"name":"useDummy","decl":{"start":{"line":352,"column":16},"end":{"line":352,"column":24}},"loc":{"start":{"line":352,"column":32},"end":{"line":356,"column":1}},"line":352},"107":{"name":"(anonymous_107)","decl":{"start":{"line":353,"column":20},"end":{"line":353,"column":21}},"loc":{"start":{"line":353,"column":32},"end":{"line":355,"column":5}},"line":353},"108":{"name":"(anonymous_108)","decl":{"start":{"line":354,"column":31},"end":{"line":354,"column":32}},"loc":{"start":{"line":354,"column":37},"end":{"line":354,"column":42}},"line":354},"109":{"name":"getDeleteModification","decl":{"start":{"line":358,"column":9},"end":{"line":358,"column":30}},"loc":{"start":{"line":358,"column":35},"end":{"line":361,"column":1}},"line":358},"110":{"name":"useDeleteModification","decl":{"start":{"line":363,"column":16},"end":{"line":363,"column":37}},"loc":{"start":{"line":363,"column":40},"end":{"line":366,"column":1}},"line":363},"111":{"name":"(anonymous_111)","decl":{"start":{"line":365,"column":20},"end":{"line":365,"column":21}},"loc":{"start":{"line":365,"column":26},"end":{"line":365,"column":84}},"line":365},"112":{"name":"useAddModification","decl":{"start":{"line":368,"column":16},"end":{"line":368,"column":34}},"loc":{"start":{"line":368,"column":37},"end":{"line":371,"column":1}},"line":368},"113":{"name":"(anonymous_113)","decl":{"start":{"line":370,"column":20},"end":{"line":370,"column":21}},"loc":{"start":{"line":370,"column":42},"end":{"line":370,"column":104}},"line":370},"114":{"name":"useGetFoodSearch","decl":{"start":{"line":373,"column":16},"end":{"line":373,"column":32}},"loc":{"start":{"line":373,"column":41},"end":{"line":378,"column":1}},"line":373},"115":{"name":"(anonymous_115)","decl":{"start":{"line":377,"column":20},"end":{"line":377,"column":21}},"loc":{"start":{"line":377,"column":26},"end":{"line":377,"column":65}},"line":377},"116":{"name":"getIngredients","decl":{"start":{"line":380,"column":9},"end":{"line":380,"column":23}},"loc":{"start":{"line":380,"column":28},"end":{"line":383,"column":1}},"line":380},"117":{"name":"useGetIngredients","decl":{"start":{"line":385,"column":16},"end":{"line":385,"column":33}},"loc":{"start":{"line":385,"column":36},"end":{"line":389,"column":1}},"line":385},"118":{"name":"(anonymous_118)","decl":{"start":{"line":388,"column":20},"end":{"line":388,"column":21}},"loc":{"start":{"line":388,"column":26},"end":{"line":388,"column":66}},"line":388},"119":{"name":"sendPasswordReset","decl":{"start":{"line":391,"column":16},"end":{"line":391,"column":33}},"loc":{"start":{"line":391,"column":44},"end":{"line":394,"column":1}},"line":391},"120":{"name":"(anonymous_120)","decl":{"start":{"line":393,"column":20},"end":{"line":393,"column":21}},"loc":{"start":{"line":393,"column":26},"end":{"line":393,"column":76}},"line":393},"121":{"name":"validatePasswordResetToken","decl":{"start":{"line":396,"column":16},"end":{"line":396,"column":42}},"loc":{"start":{"line":396,"column":60},"end":{"line":399,"column":1}},"line":396},"122":{"name":"(anonymous_122)","decl":{"start":{"line":398,"column":20},"end":{"line":398,"column":21}},"loc":{"start":{"line":398,"column":26},"end":{"line":398,"column":80}},"line":398},"123":{"name":"resetPassword","decl":{"start":{"line":401,"column":16},"end":{"line":401,"column":29}},"loc":{"start":{"line":401,"column":57},"end":{"line":404,"column":1}},"line":401},"124":{"name":"(anonymous_124)","decl":{"start":{"line":403,"column":20},"end":{"line":403,"column":21}},"loc":{"start":{"line":403,"column":26},"end":{"line":403,"column":89}},"line":403},"125":{"name":"useGetFlaggedFoods","decl":{"start":{"line":406,"column":16},"end":{"line":406,"column":34}},"loc":{"start":{"line":406,"column":37},"end":{"line":409,"column":1}},"line":406},"126":{"name":"(anonymous_126)","decl":{"start":{"line":408,"column":20},"end":{"line":408,"column":21}},"loc":{"start":{"line":408,"column":26},"end":{"line":408,"column":55}},"line":408},"127":{"name":"useGetSavedFoods","decl":{"start":{"line":411,"column":16},"end":{"line":411,"column":32}},"loc":{"start":{"line":411,"column":35},"end":{"line":414,"column":1}},"line":411},"128":{"name":"(anonymous_128)","decl":{"start":{"line":413,"column":20},"end":{"line":413,"column":21}},"loc":{"start":{"line":413,"column":26},"end":{"line":413,"column":53}},"line":413},"129":{"name":"useSetFoodState","decl":{"start":{"line":416,"column":16},"end":{"line":416,"column":31}},"loc":{"start":{"line":416,"column":34},"end":{"line":419,"column":1}},"line":416},"130":{"name":"(anonymous_130)","decl":{"start":{"line":418,"column":20},"end":{"line":418,"column":21}},"loc":{"start":{"line":418,"column":35},"end":{"line":418,"column":80}},"line":418}},"branchMap":{"0":{"loc":{"start":{"line":9,"column":24},"end":{"line":9,"column":66}},"type":"binary-expr","locations":[{"start":{"line":9,"column":24},"end":{"line":9,"column":44}},{"start":{"line":9,"column":48},"end":{"line":9,"column":66}}],"line":9},"1":{"loc":{"start":{"line":12,"column":4},"end":{"line":13,"column":65}},"type":"if","locations":[{"start":{"line":12,"column":4},"end":{"line":13,"column":65}},{"start":{"line":12,"column":4},"end":{"line":13,"column":65}}],"line":12},"2":{"loc":{"start":{"line":16,"column":4},"end":{"line":19,"column":38}},"type":"if","locations":[{"start":{"line":16,"column":4},"end":{"line":19,"column":38}},{"start":{"line":16,"column":4},"end":{"line":19,"column":38}}],"line":16},"3":{"loc":{"start":{"line":25,"column":18},"end":{"line":25,"column":88}},"type":"cond-expr","locations":[{"start":{"line":25,"column":34},"end":{"line":25,"column":59}},{"start":{"line":25,"column":62},"end":{"line":25,"column":88}}],"line":25},"4":{"loc":{"start":{"line":28,"column":27},"end":{"line":28,"column":48}},"type":"binary-expr","locations":[{"start":{"line":28,"column":27},"end":{"line":28,"column":42}},{"start":{"line":28,"column":46},"end":{"line":28,"column":48}}],"line":28},"5":{"loc":{"start":{"line":29,"column":15},"end":{"line":29,"column":46}},"type":"if","locations":[{"start":{"line":29,"column":15},"end":{"line":29,"column":46}},{"start":{"line":29,"column":15},"end":{"line":29,"column":46}}],"line":29},"6":{"loc":{"start":{"line":31,"column":27},"end":{"line":31,"column":48}},"type":"binary-expr","locations":[{"start":{"line":31,"column":27},"end":{"line":31,"column":42}},{"start":{"line":31,"column":46},"end":{"line":31,"column":48}}],"line":31},"7":{"loc":{"start":{"line":32,"column":16},"end":{"line":32,"column":87}},"type":"if","locations":[{"start":{"line":32,"column":16},"end":{"line":32,"column":87}},{"start":{"line":32,"column":16},"end":{"line":32,"column":87}}],"line":32},"8":{"loc":{"start":{"line":34,"column":12},"end":{"line":37,"column":13}},"type":"if","locations":[{"start":{"line":34,"column":12},"end":{"line":37,"column":13}},{"start":{"line":34,"column":12},"end":{"line":37,"column":13}}],"line":34}},"s":{"0":25,"1":0,"2":0,"3":0,"4":0,"5":0,"6":0,"7":0,"8":0,"9":0,"10":0,"11":0,"12":0,"13":0,"14":0,"15":0,"16":0,"17":0,"18":0,"19":0,"20":25,"21":0,"22":0,"23":0,"24":0,"25":25,"26":0,"27":0,"28":0,"29":0,"30":25,"31":0,"32":0,"33":25,"34":0,"35":0,"36":25,"37":0,"38":0,"39":0,"40":0,"41":25,"42":0,"43":0,"44":0,"45":0,"46":25,"47":0,"48":0,"49":25,"50":0,"51":0,"52":25,"53":0,"54":0,"55":25,"56":0,"57":0,"58":0,"59":0,"60":0,"61":25,"62":0,"63":0,"64":25,"65":0,"66":0,"67":0,"68":0,"69":25,"70":0,"71":0,"72":25,"73":0,"74":0,"75":25,"76":0,"77":0,"78":0,"79":25,"80":0,"81":0,"82":0,"83":0,"84":25,"85":0,"86":0,"87":0,"88":0,"89":25,"90":0,"91":0,"92":0,"93":0,"94":25,"95":0,"96":0,"97":0,"98":0,"99":0,"100":25,"101":0,"102":0,"103":0,"104":0,"105":0,"106":25,"107":0,"108":0,"109":25,"110":0,"111":0,"112":25,"113":0,"114":0,"115":0,"116":2,"117":2,"118":0,"119":1,"120":1,"121":0,"122":2,"123":2,"124":0,"125":4,"126":4,"127":0,"128":0,"129":0,"130":2,"131":2,"132":0,"133":4,"134":4,"135":0,"136":1,"137":1,"138":0,"139":1,"140":1,"141":0,"142":1,"143":1,"144":0,"145":1,"146":1,"147":0,"148":1,"149":1,"150":0,"151":0,"152":0,"153":1,"154":1,"155":0,"156":1,"157":1,"158":0,"159":0,"160":0,"161":0,"162":0,"163":0,"164":0,"165":0,"166":1,"167":1,"168":0,"169":3,"170":3,"171":0,"172":1,"173":1,"174":0,"175":0,"176":0,"177":1,"178":1,"179":0,"180":1,"181":1,"182":0,"183":0,"184":0,"185":0,"186":1,"187":1,"188":0,"189":0,"190":0,"191":0,"192":1,"193":1,"194":0,"195":3,"196":3,"197":0},"f":{"0":0,"1":0,"2":0,"3":0,"4":0,"5":0,"6":0,"7":0,"8":0,"9":0,"10":0,"11":0,"12":0,"13":0,"14":0,"15":0,"16":0,"17":0,"18":0,"19":0,"20":0,"21":0,"22":0,"23":0,"24":0,"25":0,"26":0,"27":0,"28":0,"29":0,"30":0,"31":0,"32":0,"33":0,"34":0,"35":0,"36":0,"37":0,"38":0,"39":0,"40":0,"41":0,"42":0,"43":0,"44":0,"45":0,"46":0,"47":0,"48":0,"49":0,"50":0,"51":0,"52":0,"53":0,"54":0,"55":0,"56":0,"57":0,"58":0,"59":0,"60":0,"61":0,"62":0,"63":0,"64":0,"65":0,"66":0,"67":0,"68":0,"69":0,"70":0,"71":0,"72":0,"73":0,"74":0,"75":0,"76":2,"77":0,"78":1,"79":0,"80":2,"81":0,"82":4,"83":0,"84":0,"85":2,"86":0,"87":4,"88":0,"89":1,"90":0,"91":1,"92":0,"93":1,"94":0,"95":1,"96":0,"97":1,"98":0,"99":0,"100":1,"101":0,"102":1,"103":0,"104":0,"105":0,"106":0,"107":0,"108":0,"109":0,"110":1,"111":0,"112":3,"113":0,"114":1,"115":0,"116":0,"117":1,"118":0,"119":1,"120":0,"121":0,"122":0,"123":1,"124":0,"125":0,"126":0,"127":1,"128":0,"129":3,"130":0},"b":{"0":[0,0],"1":[0,0],"2":[0,0],"3":[0,0],"4":[0,0],"5":[0,0],"6":[0,0],"7":[0,0],"8":[0,0]},"_coverageSchema":"1a1c01bbd47fc00a2c39e90264f33305004495a9","hash":"14592d620a73cd626ae5640a789e225c36869c4a"}
,"C:\\Users\\harry\\source\\repos\\qstephan\\Allergen-Alert-Frontend\\src\\hooks\\useAsync.js": {"path":"C:\\Users\\harry\\source\\repos\\qstephan\\Allergen-Alert-Frontend\\src\\hooks\\useAsync.js","statementMap":{"0":{"start":{"line":5,"column":34},"end":{"line":5,"column":49}},"1":{"start":{"line":6,"column":36},"end":{"line":6,"column":50}},"2":{"start":{"line":7,"column":30},"end":{"line":7,"column":44}},"3":{"start":{"line":10,"column":8},"end":{"line":10,"column":25}},"4":{"start":{"line":11,"column":8},"end":{"line":11,"column":26}},"5":{"start":{"line":12,"column":8},"end":{"line":12,"column":23}},"6":{"start":{"line":14,"column":8},"end":{"line":23,"column":46}},"7":{"start":{"line":16,"column":16},"end":{"line":16,"column":30}},"8":{"start":{"line":17,"column":16},"end":{"line":17,"column":25}},"9":{"start":{"line":20,"column":16},"end":{"line":20,"column":28}},"10":{"start":{"line":21,"column":16},"end":{"line":21,"column":24}},"11":{"start":{"line":23,"column":27},"end":{"line":23,"column":44}},"12":{"start":{"line":27,"column":8},"end":{"line":29,"column":29}},"13":{"start":{"line":32,"column":4},"end":{"line":32,"column":61}}},"fnMap":{"0":{"name":"useAsync","decl":{"start":{"line":4,"column":16},"end":{"line":4,"column":24}},"loc":{"start":{"line":4,"column":36},"end":{"line":33,"column":1}},"line":4},"1":{"name":"execute","decl":{"start":{"line":9,"column":13},"end":{"line":9,"column":20}},"loc":{"start":{"line":9,"column":30},"end":{"line":24,"column":5}},"line":9},"2":{"name":"(anonymous_2)","decl":{"start":{"line":15,"column":18},"end":{"line":15,"column":19}},"loc":{"start":{"line":15,"column":23},"end":{"line":18,"column":13}},"line":15},"3":{"name":"(anonymous_3)","decl":{"start":{"line":19,"column":19},"end":{"line":19,"column":20}},"loc":{"start":{"line":19,"column":24},"end":{"line":22,"column":13}},"line":19},"4":{"name":"(anonymous_4)","decl":{"start":{"line":23,"column":21},"end":{"line":23,"column":22}},"loc":{"start":{"line":23,"column":27},"end":{"line":23,"column":44}},"line":23},"5":{"name":"background","decl":{"start":{"line":26,"column":13},"end":{"line":26,"column":23}},"loc":{"start":{"line":26,"column":33},"end":{"line":30,"column":5}},"line":26},"6":{"name":"(anonymous_6)","decl":{"start":{"line":28,"column":18},"end":{"line":28,"column":19}},"loc":{"start":{"line":28,"column":24},"end":{"line":28,"column":26}},"line":28},"7":{"name":"(anonymous_7)","decl":{"start":{"line":29,"column":19},"end":{"line":29,"column":20}},"loc":{"start":{"line":29,"column":25},"end":{"line":29,"column":27}},"line":29}},"branchMap":{},"s":{"0":34,"1":34,"2":34,"3":0,"4":0,"5":0,"6":0,"7":0,"8":0,"9":0,"10":0,"11":0,"12":0,"13":34},"f":{"0":34,"1":0,"2":0,"3":0,"4":0,"5":0,"6":0,"7":0},"b":{},"_coverageSchema":"1a1c01bbd47fc00a2c39e90264f33305004495a9","hash":"64e0492e2c770ca64fc034d60ec3bc5df34f910f"}
[...]
,"C:\\Users\\harry\\source\\repos\\qstephan\\Allergen-Alert-Frontend\\src\\screens\\search\\Food.js": {"path":"C:\\Users\\harry\\source\\repos\\qstephan\\Allergen-Alert-Frontend\\src\\screens\\search\\Food.js","statementMap":{"0":{"start":{"line":11,"column":16},"end":{"line":11,"column":32}},"1":{"start":{"line":12,"column":19},"end":{"line":12,"column":38}},"2":{"start":{"line":13,"column":28},"end":{"line":13,"column":42}},"3":{"start":{"line":15,"column":25},"end":{"line":15,"column":42}},"4":{"start":{"line":16,"column":20},"end":{"line":16,"column":32}},"5":{"start":{"line":17,"column":29},"end":{"line":17,"column":50}},"6":{"start":{"line":18,"column":29},"end":{"line":18,"column":46}},"7":{"start":{"line":19,"column":29},"end":{"line":19,"column":46}},"8":{"start":{"line":21,"column":28},"end":{"line":21,"column":65}},"9":{"start":{"line":24,"column":8},"end":{"line":46,"column":9}},"10":{"start":{"line":25,"column":12},"end":{"line":34,"column":23}},"11":{"start":{"line":26,"column":27},"end":{"line":26,"column":37}},"12":{"start":{"line":28,"column":20},"end":{"line":34,"column":21}},"13":{"start":{"line":32,"column":57},"end":{"line":32,"column":73}},"14":{"start":{"line":36,"column":12},"end":{"line":45,"column":23}},"15":{"start":{"line":37,"column":27},"end":{"line":37,"column":37}},"16":{"start":{"line":39,"column":20},"end":{"line":45,"column":21}},"17":{"start":{"line":43,"column":57},"end":{"line":43,"column":73}},"18":{"start":{"line":49,"column":4},"end":{"line":51,"column":21}},"19":{"start":{"line":50,"column":8},"end":{"line":50,"column":56}},"20":{"start":{"line":50,"column":46},"end":{"line":50,"column":55}},"21":{"start":{"line":53,"column":4},"end":{"line":68,"column":53}},"22":{"start":{"line":55,"column":8},"end":{"line":61,"column":9}},"23":{"start":{"line":56,"column":12},"end":{"line":56,"column":35}},"24":{"start":{"line":57,"column":15},"end":{"line":61,"column":9}},"25":{"start":{"line":58,"column":12},"end":{"line":58,"column":35}},"26":{"start":{"line":60,"column":12},"end":{"line":60,"column":33}},"27":{"start":{"line":63,"column":8},"end":{"line":67,"column":11}},"28":{"start":{"line":71,"column":8},"end":{"line":73,"column":24}},"29":{"start":{"line":76,"column":4},"end":{"line":254,"column":5}},"30":{"start":{"line":205,"column":40},"end":{"line":205,"column":105}},"31":{"start":{"line":215,"column":32},"end":{"line":225,"column":39}},"32":{"start":{"line":242,"column":35},"end":{"line":242,"column":94}},"33":{"start":{"line":242,"column":84},"end":{"line":242,"column":93}},"34":{"start":{"line":246,"column":35},"end":{"line":246,"column":94}},"35":{"start":{"line":246,"column":84},"end":{"line":246,"column":93}},"36":{"start":{"line":250,"column":35},"end":{"line":250,"column":91}},"37":{"start":{"line":250,"column":81},"end":{"line":250,"column":90}}},"fnMap":{"0":{"name":"Food","decl":{"start":{"line":10,"column":24},"end":{"line":10,"column":28}},"loc":{"start":{"line":10,"column":52},"end":{"line":255,"column":1}},"line":10},"1":{"name":"refresh","decl":{"start":{"line":23,"column":13},"end":{"line":23,"column":20}},"loc":{"start":{"line":23,"column":23},"end":{"line":47,"column":5}},"line":23},"2":{"name":"(anonymous_2)","decl":{"start":{"line":26,"column":22},"end":{"line":26,"column":23}},"loc":{"start":{"line":26,"column":27},"end":{"line":26,"column":37}},"line":26},"3":{"name":"(anonymous_3)","decl":{"start":{"line":27,"column":23},"end":{"line":27,"column":24}},"loc":{"start":{"line":28,"column":20},"end":{"line":34,"column":21}},"line":28},"4":{"name":"(anonymous_4)","decl":{"start":{"line":32,"column":51},"end":{"line":32,"column":52}},"loc":{"start":{"line":32,"column":57},"end":{"line":32,"column":73}},"line":32},"5":{"name":"(anonymous_5)","decl":{"start":{"line":37,"column":22},"end":{"line":37,"column":23}},"loc":{"start":{"line":37,"column":27},"end":{"line":37,"column":37}},"line":37},"6":{"name":"(anonymous_6)","decl":{"start":{"line":38,"column":23},"end":{"line":38,"column":24}},"loc":{"start":{"line":39,"column":20},"end":{"line":45,"column":21}},"line":39},"7":{"name":"(anonymous_7)","decl":{"start":{"line":43,"column":51},"end":{"line":43,"column":52}},"loc":{"start":{"line":43,"column":57},"end":{"line":43,"column":73}},"line":43},"8":{"name":"(anonymous_8)","decl":{"start":{"line":49,"column":14},"end":{"line":49,"column":15}},"loc":{"start":{"line":49,"column":20},"end":{"line":51,"column":5}},"line":49},"9":{"name":"(anonymous_9)","decl":{"start":{"line":50,"column":40},"end":{"line":50,"column":41}},"loc":{"start":{"line":50,"column":46},"end":{"line":50,"column":55}},"line":50},"10":{"name":"(anonymous_10)","decl":{"start":{"line":53,"column":14},"end":{"line":53,"column":15}},"loc":{"start":{"line":53,"column":20},"end":{"line":68,"column":5}},"line":53},"11":{"name":"onAdd","decl":{"start":{"line":70,"column":13},"end":{"line":70,"column":18}},"loc":{"start":{"line":70,"column":23},"end":{"line":74,"column":5}},"line":70},"12":{"name":"(anonymous_12)","decl":{"start":{"line":73,"column":15},"end":{"line":73,"column":16}},"loc":{"start":{"line":73,"column":20},"end":{"line":73,"column":22}},"line":73},"13":{"name":"(anonymous_13)","decl":{"start":{"line":204,"column":67},"end":{"line":204,"column":68}},"loc":{"start":{"line":205,"column":40},"end":{"line":205,"column":105}},"line":205},"14":{"name":"(anonymous_14)","decl":{"start":{"line":214,"column":50},"end":{"line":214,"column":51}},"loc":{"start":{"line":215,"column":32},"end":{"line":225,"column":39}},"line":215},"15":{"name":"(anonymous_15)","decl":{"start":{"line":242,"column":29},"end":{"line":242,"column":30}},"loc":{"start":{"line":242,"column":35},"end":{"line":242,"column":94}},"line":242},"16":{"name":"(anonymous_16)","decl":{"start":{"line":242,"column":78},"end":{"line":242,"column":79}},"loc":{"start":{"line":242,"column":84},"end":{"line":242,"column":93}},"line":242},"17":{"name":"(anonymous_17)","decl":{"start":{"line":246,"column":29},"end":{"line":246,"column":30}},"loc":{"start":{"line":246,"column":35},"end":{"line":246,"column":94}},"line":246},"18":{"name":"(anonymous_18)","decl":{"start":{"line":246,"column":78},"end":{"line":246,"column":79}},"loc":{"start":{"line":246,"column":84},"end":{"line":246,"column":93}},"line":246},"19":{"name":"(anonymous_19)","decl":{"start":{"line":250,"column":29},"end":{"line":250,"column":30}},"loc":{"start":{"line":250,"column":35},"end":{"line":250,"column":91}},"line":250},"20":{"name":"(anonymous_20)","decl":{"start":{"line":250,"column":75},"end":{"line":250,"column":76}},"loc":{"start":{"line":250,"column":81},"end":{"line":250,"column":90}},"line":250}},"branchMap":{"0":{"loc":{"start":{"line":24,"column":8},"end":{"line":46,"column":9}},"type":"if","locations":[{"start":{"line":24,"column":8},"end":{"line":46,"column":9}},{"start":{"line":24,"column":8},"end":{"line":46,"column":9}}],"line":24},"1":{"loc":{"start":{"line":55,"column":8},"end":{"line":61,"column":9}},"type":"if","locations":[{"start":{"line":55,"column":8},"end":{"line":61,"column":9}},{"start":{"line":55,"column":8},"end":{"line":61,"column":9}}],"line":55},"2":{"loc":{"start":{"line":55,"column":11},"end":{"line":55,"column":50}},"type":"binary-expr","locations":[{"start":{"line":55,"column":11},"end":{"line":55,"column":26}},{"start":{"line":55,"column":30},"end":{"line":55,"column":50}}],"line":55},"3":{"loc":{"start":{"line":57,"column":15},"end":{"line":61,"column":9}},"type":"if","locations":[{"start":{"line":57,"column":15},"end":{"line":61,"column":9}},{"start":{"line":57,"column":15},"end":{"line":61,"column":9}}],"line":57},"4":{"loc":{"start":{"line":132,"column":86},"end":{"line":132,"column":125}},"type":"binary-expr","locations":[{"start":{"line":132,"column":86},"end":{"line":132,"column":101}},{"start":{"line":132,"column":105},"end":{"line":132,"column":125}}],"line":132},"5":{"loc":{"start":{"line":152,"column":28},"end":{"line":154,"column":116}},"type":"cond-expr","locations":[{"start":{"line":153,"column":34},"end":{"line":153,"column":123}},{"start":{"line":154,"column":34},"end":{"line":154,"column":116}}],"line":152},"6":{"loc":{"start":{"line":158,"column":32},"end":{"line":160,"column":46}},"type":"cond-expr","locations":[{"start":{"line":159,"column":38},"end":{"line":159,"column":44}},{"start":{"line":160,"column":38},"end":{"line":160,"column":46}}],"line":158},"7":{"loc":{"start":{"line":166,"column":24},"end":{"line":171,"column":37}},"type":"cond-expr","locations":[{"start":{"line":168,"column":32},"end":{"line":170,"column":39}},{"start":{"line":171,"column":33},"end":{"line":171,"column":37}}],"line":166},"8":{"loc":{"start":{"line":174,"column":24},"end":{"line":179,"column":36}},"type":"cond-expr","locations":[{"start":{"line":176,"column":32},"end":{"line":178,"column":39}},{"start":{"line":179,"column":32},"end":{"line":179,"column":36}}],"line":174},"9":{"loc":{"start":{"line":182,"column":24},"end":{"line":187,"column":36}},"type":"cond-expr","locations":[{"start":{"line":184,"column":32},"end":{"line":186,"column":39}},{"start":{"line":187,"column":32},"end":{"line":187,"column":36}}],"line":182},"10":{"loc":{"start":{"line":201,"column":21},"end":{"line":209,"column":30}},"type":"cond-expr","locations":[{"start":{"line":202,"column":27},"end":{"line":208,"column":41}},{"start":{"line":209,"column":26},"end":{"line":209,"column":30}}],"line":201},"11":{"loc":{"start":{"line":219,"column":47},"end":{"line":221,"column":59}},"type":"cond-expr","locations":[{"start":{"line":220,"column":46},"end":{"line":220,"column":60}},{"start":{"line":221,"column":46},"end":{"line":221,"column":59}}],"line":219}},"s":{"0":1,"1":1,"2":1,"3":1,"4":1,"5":1,"6":1,"7":1,"8":1,"9":0,"10":0,"11":0,"12":0,"13":0,"14":0,"15":0,"16":0,"17":0,"18":1,"19":1,"20":0,"21":1,"22":1,"23":0,"24":1,"25":0,"26":1,"27":1,"28":0,"29":1,"30":0,"31":0,"32":0,"33":0,"34":0,"35":0,"36":0,"37":0},"f":{"0":1,"1":0,"2":0,"3":0,"4":0,"5":0,"6":0,"7":0,"8":1,"9":0,"10":1,"11":0,"12":0,"13":0,"14":0,"15":0,"16":0,"17":0,"18":0,"19":0,"20":0},"b":{"0":[0,0],"1":[0,1],"2":[1,1],"3":[0,1],"4":[1,1],"5":[0,1],"6":[0,1],"7":[0,1],"8":[0,1],"9":[0,1],"10":[1,0],"11":[0,0]},"_coverageSchema":"1a1c01bbd47fc00a2c39e90264f33305004495a9","hash":"19e429036ca8cbb8b420f65ec9f1b06f8c7946ac"}
,"C:\\Users\\harry\\source\\repos\\qstephan\\Allergen-Alert-Frontend\\src\\screens\\search\\FoodSearch.js": {"path":"C:\\Users\\harry\\source\\repos\\qstephan\\Allergen-Alert-Frontend\\src\\screens\\search\\FoodSearch.js","statementMap":{"0":{"start":{"line":13,"column":42},"end":{"line":13,"column":54}},"1":{"start":{"line":14,"column":26},"end":{"line":14,"column":55}},"2":{"start":{"line":16,"column":22},"end":{"line":18,"column":5}},"3":{"start":{"line":17,"column":8},"end":{"line":17,"column":35}},"4":{"start":{"line":20,"column":4},"end":{"line":20,"column":72}},"5":{"start":{"line":20,"column":20},"end":{"line":20,"column":55}},"6":{"start":{"line":23,"column":8},"end":{"line":48,"column":10}},"7":{"start":{"line":36,"column":43},"end":{"line":36,"column":54}},"8":{"start":{"line":44,"column":86},"end":{"line":44,"column":97}},"9":{"start":{"line":51,"column":4},"end":{"line":55,"column":22}},"10":{"start":{"line":52,"column":8},"end":{"line":54,"column":11}},"11":{"start":{"line":57,"column":17},"end":{"line":61,"column":5}},"12":{"start":{"line":58,"column":8},"end":{"line":60,"column":20}},"13":{"start":{"line":58,"column":58},"end":{"line":58,"column":110}},"14":{"start":{"line":64,"column":8},"end":{"line":64,"column":35}},"15":{"start":{"line":68,"column":8},"end":{"line":75,"column":10}},"16":{"start":{"line":79,"column":4},"end":{"line":97,"column":6}},"17":{"start":{"line":85,"column":38},"end":{"line":85,"column":45}}},"fnMap":{"0":{"name":"FoodSearch","decl":{"start":{"line":12,"column":24},"end":{"line":12,"column":34}},"loc":{"start":{"line":12,"column":49},"end":{"line":98,"column":1}},"line":12},"1":{"name":"(anonymous_1)","decl":{"start":{"line":16,"column":22},"end":{"line":16,"column":23}},"loc":{"start":{"line":16,"column":34},"end":{"line":18,"column":5}},"line":16},"2":{"name":"(anonymous_2)","decl":{"start":{"line":20,"column":14},"end":{"line":20,"column":15}},"loc":{"start":{"line":20,"column":20},"end":{"line":20,"column":55}},"line":20},"3":{"name":"renderHeader","decl":{"start":{"line":22,"column":13},"end":{"line":22,"column":25}},"loc":{"start":{"line":22,"column":28},"end":{"line":49,"column":5}},"line":22},"4":{"name":"(anonymous_4)","decl":{"start":{"line":36,"column":37},"end":{"line":36,"column":38}},"loc":{"start":{"line":36,"column":43},"end":{"line":36,"column":54}},"line":36},"5":{"name":"(anonymous_5)","decl":{"start":{"line":44,"column":80},"end":{"line":44,"column":81}},"loc":{"start":{"line":44,"column":86},"end":{"line":44,"column":97}},"line":44},"6":{"name":"(anonymous_6)","decl":{"start":{"line":51,"column":14},"end":{"line":51,"column":15}},"loc":{"start":{"line":51,"column":20},"end":{"line":55,"column":5}},"line":51},"7":{"name":"(anonymous_7)","decl":{"start":{"line":57,"column":17},"end":{"line":57,"column":18}},"loc":{"start":{"line":58,"column":8},"end":{"line":60,"column":20}},"line":58},"8":{"name":"(anonymous_8)","decl":{"start":{"line":58,"column":52},"end":{"line":58,"column":53}},"loc":{"start":{"line":58,"column":58},"end":{"line":58,"column":110}},"line":58},"9":{"name":"openScanner","decl":{"start":{"line":63,"column":13},"end":{"line":63,"column":24}},"loc":{"start":{"line":63,"column":27},"end":{"line":65,"column":5}},"line":63},"10":{"name":"getEmptyComponent","decl":{"start":{"line":67,"column":13},"end":{"line":67,"column":30}},"loc":{"start":{"line":67,"column":33},"end":{"line":76,"column":5}},"line":67},"11":{"name":"(anonymous_11)","decl":{"start":{"line":85,"column":30},"end":{"line":85,"column":31}},"loc":{"start":{"line":85,"column":38},"end":{"line":85,"column":45}},"line":85}},"branchMap":{"0":{"loc":{"start":{"line":70,"column":17},"end":{"line":72,"column":116}},"type":"cond-expr","locations":[{"start":{"line":71,"column":22},"end":{"line":71,"column":83}},{"start":{"line":72,"column":22},"end":{"line":72,"column":116}}],"line":70}},"s":{"0":1,"1":1,"2":1,"3":0,"4":1,"5":1,"6":0,"7":0,"8":0,"9":1,"10":1,"11":1,"12":0,"13":0,"14":0,"15":1,"16":1,"17":0},"f":{"0":1,"1":0,"2":1,"3":0,"4":0,"5":0,"6":1,"7":0,"8":0,"9":0,"10":1,"11":0},"b":{"0":[0,1]},"_coverageSchema":"1a1c01bbd47fc00a2c39e90264f33305004495a9","hash":"7d73766cf67c05573ab1329f45f70b5728d956ae"}
,"C:\\Users\\harry\\source\\repos\\qstephan\\Allergen-Alert-Frontend\\src\\screens\\search\\Scanner.js": {"path":"C:\\Users\\harry\\source\\repos\\qstephan\\Allergen-Alert-Frontend\\src\\screens\\search\\Scanner.js","statementMap":{"0":{"start":{"line":8,"column":46},"end":{"line":8,"column":60}},"1":{"start":{"line":9,"column":34},"end":{"line":9,"column":49}},"2":{"start":{"line":11,"column":4},"end":{"line":13,"column":21}},"3":{"start":{"line":12,"column":8},"end":{"line":12,"column":66}},"4":{"start":{"line":12,"column":47},"end":{"line":12,"column":64}},"5":{"start":{"line":15,"column":28},"end":{"line":15,"column":38}},"6":{"start":{"line":17,"column":4},"end":{"line":22,"column":11}},"7":{"start":{"line":18,"column":8},"end":{"line":21,"column":13}},"8":{"start":{"line":19,"column":27},"end":{"line":19,"column":73}},"9":{"start":{"line":20,"column":8},"end":{"line":20,"column":47}},"10":{"start":{"line":24,"column":33},"end":{"line":28,"column":5}},"11":{"start":{"line":25,"column":8},"end":{"line":25,"column":25}},"12":{"start":{"line":26,"column":8},"end":{"line":26,"column":45}},"13":{"start":{"line":27,"column":8},"end":{"line":27,"column":55}},"14":{"start":{"line":30,"column":4},"end":{"line":34,"column":5}},"15":{"start":{"line":31,"column":8},"end":{"line":33,"column":9}},"16":{"start":{"line":35,"column":4},"end":{"line":46,"column":5}},"17":{"start":{"line":36,"column":8},"end":{"line":45,"column":9}},"18":{"start":{"line":48,"column":4},"end":{"line":55,"column":6}}},"fnMap":{"0":{"name":"Scanner","decl":{"start":{"line":7,"column":24},"end":{"line":7,"column":31}},"loc":{"start":{"line":7,"column":46},"end":{"line":56,"column":1}},"line":7},"1":{"name":"(anonymous_1)","decl":{"start":{"line":11,"column":14},"end":{"line":11,"column":15}},"loc":{"start":{"line":11,"column":20},"end":{"line":13,"column":5}},"line":11},"2":{"name":"(anonymous_2)","decl":{"start":{"line":12,"column":40},"end":{"line":12,"column":41}},"loc":{"start":{"line":12,"column":47},"end":{"line":12,"column":64}},"line":12},"3":{"name":"(anonymous_3)","decl":{"start":{"line":17,"column":14},"end":{"line":17,"column":15}},"loc":{"start":{"line":17,"column":20},"end":{"line":22,"column":5}},"line":17},"4":{"name":"(anonymous_4)","decl":{"start":{"line":18,"column":9},"end":{"line":18,"column":10}},"loc":{"start":{"line":18,"column":21},"end":{"line":21,"column":9}},"line":18},"5":{"name":"(anonymous_5)","decl":{"start":{"line":24,"column":33},"end":{"line":24,"column":34}},"loc":{"start":{"line":24,"column":53},"end":{"line":28,"column":5}},"line":24}},"branchMap":{"0":{"loc":{"start":{"line":30,"column":4},"end":{"line":34,"column":5}},"type":"if","locations":[{"start":{"line":30,"column":4},"end":{"line":34,"column":5}},{"start":{"line":30,"column":4},"end":{"line":34,"column":5}}],"line":30},"1":{"loc":{"start":{"line":35,"column":4},"end":{"line":46,"column":5}},"type":"if","locations":[{"start":{"line":35,"column":4},"end":{"line":46,"column":5}},{"start":{"line":35,"column":4},"end":{"line":46,"column":5}}],"line":35},"2":{"loc":{"start":{"line":51,"column":30},"end":{"line":51,"column":72}},"type":"cond-expr","locations":[{"start":{"line":51,"column":40},"end":{"line":51,"column":49}},{"start":{"line":51,"column":52},"end":{"line":51,"column":72}}],"line":51}},"s":{"0":1,"1":1,"2":1,"3":1,"4":0,"5":1,"6":1,"7":1,"8":1,"9":0,"10":1,"11":0,"12":0,"13":0,"14":1,"15":1,"16":0,"17":0,"18":0},"f":{"0":1,"1":1,"2":0,"3":1,"4":1,"5":0},"b":{"0":[1,0],"1":[0,0],"2":[0,0]},"_coverageSchema":"1a1c01bbd47fc00a2c39e90264f33305004495a9","hash":"d0855910b0c9c3cb237beda0c91b83e0f850c276"}
}
