TN:
SF:assets\avatar.png
FNF:0
FNH:0
DA:1,1
LF:1
LH:1
BRF:0
BRH:0
end_of_record
TN:
SF:assets\bin.png
FNF:0
FNH:0
DA:1,1
LF:1
LH:1
BRF:0
BRH:0
end_of_record
TN:
SF:assets\login.png
FNF:0
FNH:0
DA:1,1
LF:1
LH:1
BRF:0
BRH:0
end_of_record
TN:
SF:src\context.js
FNF:0
FNH:0
DA:3,25
LF:1
LH:1
BRF:0
BRH:0
end_of_record
TN:
SF:src\style.js
FNF:0
FNH:0
DA:6,31
DA:79,31
DA:88,31
LF:3
LH:3
BRF:0
BRH:0
end_of_record
TN:
SF:src\components\AddHeader.js
FN:6,AddHeader
FNF:1
FNH:1
FNDA:1,AddHeader
DA:7,1
LF:1
LH:1
BRF:0
BRH:0
end_of_record
TN:
SF:src\components\AlertBox.js
FN:6,AlertBox
FN:9,(anonymous_1)
FNF:2
FNH:2
FNDA:3,AlertBox
FNDA:3,(anonymous_1)
DA:7,3
DA:9,3
DA:10,3
DA:11,0
DA:20,3
DA:31,3
LF:6
LH:5
BRDA:10,0,0,0
BRDA:10,0,1,3
BRF:2
BRH:1
end_of_record
TN:
SF:src\components\AnimatedFloatingButton.js
FN:6,AnimatedFloatingButton
FN:10,onOpen
FNF:2
FNH:1
FNDA:1,AnimatedFloatingButton
FNDA:0,onOpen
DA:7,1
DA:8,1
DA:22,0
DA:25,1
LF:4
LH:3
BRF:0
BRH:0
end_of_record
TN:
SF:src\components\ButtonPartition.js
FN:6,ButtonPartition
FNF:1
FNH:1
FNDA:1,ButtonPartition
DA:7,1
LF:1
LH:1
BRF:0
BRH:0
end_of_record
TN:
SF:src\components\ButtonTextInput.js
FN:6,ButtonTextInput
FN:9,onFocus
FN:13,onBlur
FNF:3
FNH:1
FNDA:3,ButtonTextInput
FNDA:0,onFocus
FNDA:0,onBlur
DA:7,3
DA:10,0
DA:14,0
DA:17,3
LF:4
LH:2
BRDA:25,0,0,3
BRDA:25,0,1,0
BRF:2
BRH:1
end_of_record
TN:
SF:src\components\Checkbox.js
FN:6,Checkbox
FN:9,onPress
FNF:2
FNH:1
FNDA:1,Checkbox
FNDA:0,onPress
DA:7,1
DA:10,0
DA:11,0
DA:14,1
LF:4
LH:2
BRDA:11,0,0,0
BRDA:11,0,1,0
BRDA:17,1,0,0
BRDA:17,1,1,1
BRF:4
BRH:1
end_of_record
TN:
SF:src\components\Expandable.js
FN:11,Expandable
FN:15,expand
FN:28,close
FN:41,toggleExpanded
FNF:4
FNH:1
FNDA:3,Expandable
FNDA:0,expand
FNDA:0,close
FNDA:0,toggleExpanded
DA:5,2
DA:7,2
DA:8,0
DA:12,3
DA:13,3
DA:16,0
DA:17,0
DA:18,0
DA:29,0
DA:30,0
DA:31,0
DA:42,0
DA:43,0
DA:46,3
LF:14
LH:5
BRDA:7,0,0,0
BRDA:7,0,1,2
BRDA:7,1,0,2
BRDA:7,1,1,0
BRDA:42,2,0,0
BRDA:42,2,1,0
BRDA:54,3,0,0
BRDA:54,3,1,3
BRF:8
BRH:3
end_of_record
TN:
SF:src\components\ExpandableFloatingButton.js
FN:6,ExpandableFloatingButton
FN:12,closeImmediate
FN:17,openAdd
FN:29,closeAdd
FN:41,toggleAdd
FN:46,ItemStyle
FN:98,(anonymous_6)
FN:102,(anonymous_7)
FNF:8
FNH:3
FNDA:3,ExpandableFloatingButton
FNDA:0,closeImmediate
FNDA:0,openAdd
FNDA:0,closeAdd
FNDA:0,toggleAdd
FNDA:6,ItemStyle
FNDA:6,(anonymous_6)
FNDA:0,(anonymous_7)
DA:7,3
DA:8,3
DA:9,3
DA:10,3
DA:13,0
DA:14,0
DA:18,0
DA:19,0
DA:30,0
DA:31,0
DA:42,0
DA:43,0
DA:47,6
DA:66,3
DA:99,6
DA:103,0
DA:104,0
LF:17
LH:7
BRDA:42,0,0,0
BRDA:42,0,1,0
BRDA:78,1,0,0
BRDA:78,1,1,3
BRDA:134,2,0,3
BRDA:134,2,1,1
BRF:6
BRH:3
end_of_record
TN:
SF:src\components\FloatingButton.js
FN:5,FloatingButton
FNF:1
FNH:1
FNDA:2,FloatingButton
DA:7,2
LF:1
LH:1
BRF:0
BRH:0
end_of_record
TN:
SF:src\components\FoodList.js
FN:7,FoodList
FN:8,renderEmptyComponent
FN:15,renderItem
FN:17,(anonymous_3)
FN:17,(anonymous_4)
FN:28,(anonymous_5)
FNF:6
FNH:2
FNDA:2,FoodList
FNDA:2,renderEmptyComponent
FNDA:0,renderItem
FNDA:0,(anonymous_3)
FNDA:0,(anonymous_4)
FNDA:0,(anonymous_5)
DA:9,2
DA:16,0
DA:17,0
DA:23,2
DA:28,0
LF:5
LH:2
BRDA:9,0,0,1
BRDA:9,0,1,1
BRF:2
BRH:2
end_of_record
TN:
SF:src\components\FormTextInput.js
FN:5,FormTextInput
FN:8,onFocus
FN:12,onBlur
FNF:3
FNH:1
FNDA:10,FormTextInput
FNDA:0,onFocus
FNDA:0,onBlur
DA:6,10
DA:9,0
DA:13,0
DA:16,10
LF:4
LH:2
BRDA:21,0,0,1
BRDA:21,0,1,9
BRDA:22,1,0,10
BRDA:22,1,1,1
BRDA:22,2,0,10
BRDA:22,2,1,0
BRF:6
BRH:5
end_of_record
TN:
SF:src\components\IconFlatlist.js
FN:7,IconFlatlist
FN:12,(anonymous_1)
FNF:2
FNH:2
FNDA:1,IconFlatlist
FNDA:3,(anonymous_1)
DA:9,1
DA:13,3
LF:2
LH:2
BRF:0
BRH:0
end_of_record
TN:
SF:src\components\LoadingAlertBox.js
FN:6,LoadingAlertBox
FN:9,open
FN:20,startClose
FN:34,(anonymous_3)
FNF:4
FNH:4
FNDA:4,LoadingAlertBox
FNDA:1,open
FNDA:3,startClose
FNDA:4,(anonymous_3)
DA:7,4
DA:10,1
DA:21,3
DA:34,4
DA:35,4
DA:36,1
DA:38,3
DA:42,4
DA:43,4
DA:45,4
LF:10
LH:10
BRDA:35,0,0,1
BRDA:35,0,1,3
BRDA:42,1,0,1
BRDA:42,1,1,3
BRDA:43,2,0,1
BRDA:43,2,1,3
BRDA:63,3,0,1
BRDA:63,3,1,3
BRDA:65,4,0,0
BRDA:65,4,1,3
BRDA:69,5,0,4
BRDA:69,5,1,3
BRDA:69,6,0,0
BRDA:69,6,1,3
BRF:14
BRH:12
end_of_record
TN:
SF:src\components\LoadingButton.js
FN:6,LoadingButton
FN:10,onPressIn
FN:14,onPressOut
FN:18,animateLoadStart
FN:29,animateLoadDone
FN:40,(anonymous_5)
FN:46,animatePress
FNF:7
FNH:3
FNDA:7,LoadingButton
FNDA:0,onPressIn
FNDA:0,onPressOut
FNDA:0,animateLoadStart
FNDA:6,animateLoadDone
FNDA:7,(anonymous_5)
FNDA:0,animatePress
DA:4,23
DA:7,7
DA:8,7
DA:11,0
DA:15,0
DA:19,0
DA:30,6
DA:40,7
DA:41,7
DA:42,6
DA:47,0
DA:50,7
LF:12
LH:8
BRDA:41,0,0,6
BRDA:41,0,1,1
BRDA:52,1,0,7
BRDA:52,1,1,0
BRF:4
BRH:3
end_of_record
TN:
SF:src\components\PopupModal.js
FN:7,PopupModal
FN:14,(anonymous_1)
FN:17,(anonymous_2)
FNF:3
FNH:1
FNDA:4,PopupModal
FNDA:0,(anonymous_1)
FNDA:0,(anonymous_2)
DA:8,4
DA:14,0
DA:17,0
LF:3
LH:1
BRF:0
BRH:0
end_of_record
TN:
SF:src\components\SwipableEditListItem.js
FN:9,SwipableEditListItem
FN:12,renderRightActions
FNF:2
FNH:0
FNDA:0,SwipableEditListItem
FNDA:0,renderRightActions
DA:7,1
DA:10,0
DA:13,0
DA:19,0
DA:25,0
DA:71,0
LF:6
LH:1
BRF:0
BRH:0
end_of_record
TN:
SF:src\components\SwipableListItem.js
FN:8,SwipableListItem
FN:11,renderRightActions
FNF:2
FNH:0
FNDA:0,SwipableListItem
FNDA:0,renderRightActions
DA:6,4
DA:9,0
DA:12,0
DA:18,0
DA:42,0
LF:5
LH:1
BRF:0
BRH:0
end_of_record
TN:
SF:src\components\TextLoadingButton.js
FN:7,TextLoadingButton
FNF:1
FNH:1
FNDA:6,TextLoadingButton
DA:8,6
LF:1
LH:1
BRF:0
BRH:0
end_of_record
TN:
SF:src\hooks\api.js
FN:7,api
FN:27,(anonymous_1)
FN:32,(anonymous_2)
FN:49,(anonymous_3)
FN:49,(anonymous_4)
FN:52,(anonymous_5)
FN:52,(anonymous_6)
FN:63,(anonymous_7)
FN:63,(anonymous_8)
FN:66,(anonymous_9)
FN:66,(anonymous_10)
FN:74,(anonymous_11)
FN:74,(anonymous_12)
FN:82,(anonymous_13)
FN:82,(anonymous_14)
FN:90,(anonymous_15)
FN:90,(anonymous_16)
FN:93,(anonymous_17)
FN:93,(anonymous_18)
FN:104,(anonymous_19)
FN:104,(anonymous_20)
FN:107,(anonymous_21)
FN:107,(anonymous_22)
FN:115,(anonymous_23)
FN:115,(anonymous_24)
FN:123,(anonymous_25)
FN:123,(anonymous_26)
FN:131,(anonymous_27)
FN:131,(anonymous_28)
FN:136,(anonymous_29)
FN:139,(anonymous_30)
FN:139,(anonymous_31)
FN:142,(anonymous_32)
FN:142,(anonymous_33)
FN:150,(anonymous_34)
FN:150,(anonymous_35)
FN:159,(anonymous_36)
FN:159,(anonymous_37)
FN:162,(anonymous_38)
FN:162,(anonymous_39)
FN:170,(anonymous_40)
FN:170,(anonymous_41)
FN:178,(anonymous_42)
FN:178,(anonymous_43)
FN:183,(anonymous_44)
FN:186,(anonymous_45)
FN:186,(anonymous_46)
FN:194,(anonymous_47)
FN:194,(anonymous_48)
FN:197,(anonymous_49)
FN:197,(anonymous_50)
FN:205,(anonymous_51)
FN:205,(anonymous_52)
FN:208,(anonymous_53)
FN:208,(anonymous_54)
FN:216,(anonymous_55)
FN:216,(anonymous_56)
FN:219,(anonymous_57)
FN:219,(anonymous_58)
FN:224,(anonymous_59)
FN:227,(anonymous_60)
FN:227,(anonymous_61)
FN:230,(anonymous_62)
FN:230,(anonymous_63)
FN:235,(anonymous_64)
FN:238,(anonymous_65)
FN:238,(anonymous_66)
FN:241,(anonymous_67)
FN:241,(anonymous_68)
FN:249,(anonymous_69)
FN:249,(anonymous_70)
FN:258,(anonymous_71)
FN:258,(anonymous_72)
FN:264,(anonymous_73)
FN:267,(anonymous_74)
FN:267,(anonymous_75)
FN:272,useLogin
FN:274,(anonymous_77)
FN:277,useCreateAccount
FN:279,(anonymous_79)
FN:282,useGetDiet
FN:284,(anonymous_81)
FN:288,useGetRestrictions
FN:290,(anonymous_83)
FN:293,getDeleteDiet
FN:298,useDeleteDiet
FN:300,(anonymous_86)
FN:303,useAddRestriction
FN:305,(anonymous_88)
FN:308,useGetUpcSearch
FN:310,(anonymous_90)
FN:313,useGetFood
FN:315,(anonymous_92)
FN:318,useGetUsername
FN:320,(anonymous_94)
FN:323,useAddToGroceryList
FN:325,(anonymous_96)
FN:328,useGetGroceryList
FN:330,(anonymous_98)
FN:333,getDeleteGrocery
FN:338,useDeleteGrocery
FN:340,(anonymous_101)
FN:343,useTogglePurchased
FN:345,(anonymous_103)
FN:348,sleep
FN:349,(anonymous_105)
FN:352,useDummy
FN:353,(anonymous_107)
FN:354,(anonymous_108)
FN:358,getDeleteModification
FN:363,useDeleteModification
FN:365,(anonymous_111)
FN:368,useAddModification
FN:370,(anonymous_113)
FN:373,useGetFoodSearch
FN:377,(anonymous_115)
FN:380,getIngredients
FN:385,useGetIngredients
FN:388,(anonymous_118)
FN:391,sendPasswordReset
FN:393,(anonymous_120)
FN:396,validatePasswordResetToken
FN:398,(anonymous_122)
FN:401,resetPassword
FN:403,(anonymous_124)
FN:406,useGetFlaggedFoods
FN:408,(anonymous_126)
FN:411,useGetSavedFoods
FN:413,(anonymous_128)
FN:416,useSetFoodState
FN:418,(anonymous_130)
FNF:131
FNH:21
FNDA:0,api
FNDA:0,(anonymous_1)
FNDA:0,(anonymous_2)
FNDA:0,(anonymous_3)
FNDA:0,(anonymous_4)
FNDA:0,(anonymous_5)
FNDA:0,(anonymous_6)
FNDA:0,(anonymous_7)
FNDA:0,(anonymous_8)
FNDA:0,(anonymous_9)
FNDA:0,(anonymous_10)
FNDA:0,(anonymous_11)
FNDA:0,(anonymous_12)
FNDA:0,(anonymous_13)
FNDA:0,(anonymous_14)
FNDA:0,(anonymous_15)
FNDA:0,(anonymous_16)
FNDA:0,(anonymous_17)
FNDA:0,(anonymous_18)
FNDA:0,(anonymous_19)
FNDA:0,(anonymous_20)
FNDA:0,(anonymous_21)
FNDA:0,(anonymous_22)
FNDA:0,(anonymous_23)
FNDA:0,(anonymous_24)
FNDA:0,(anonymous_25)
FNDA:0,(anonymous_26)
FNDA:0,(anonymous_27)
FNDA:0,(anonymous_28)
FNDA:0,(anonymous_29)
FNDA:0,(anonymous_30)
FNDA:0,(anonymous_31)
FNDA:0,(anonymous_32)
FNDA:0,(anonymous_33)
FNDA:0,(anonymous_34)
FNDA:0,(anonymous_35)
FNDA:0,(anonymous_36)
FNDA:0,(anonymous_37)
FNDA:0,(anonymous_38)
FNDA:0,(anonymous_39)
FNDA:0,(anonymous_40)
FNDA:0,(anonymous_41)
FNDA:0,(anonymous_42)
FNDA:0,(anonymous_43)
FNDA:0,(anonymous_44)
FNDA:0,(anonymous_45)
FNDA:0,(anonymous_46)
FNDA:0,(anonymous_47)
FNDA:0,(anonymous_48)
FNDA:0,(anonymous_49)
FNDA:0,(anonymous_50)
FNDA:0,(anonymous_51)
FNDA:0,(anonymous_52)
FNDA:0,(anonymous_53)
FNDA:0,(anonymous_54)
FNDA:0,(anonymous_55)
FNDA:0,(anonymous_56)
FNDA:0,(anonymous_57)
FNDA:0,(anonymous_58)
FNDA:0,(anonymous_59)
FNDA:0,(anonymous_60)
FNDA:0,(anonymous_61)
FNDA:0,(anonymous_62)
FNDA:0,(anonymous_63)
FNDA:0,(anonymous_64)
FNDA:0,(anonymous_65)
FNDA:0,(anonymous_66)
FNDA:0,(anonymous_67)
FNDA:0,(anonymous_68)
FNDA:0,(anonymous_69)
FNDA:0,(anonymous_70)
FNDA:0,(anonymous_71)
FNDA:0,(anonymous_72)
FNDA:0,(anonymous_73)
FNDA:0,(anonymous_74)
FNDA:0,(anonymous_75)
FNDA:2,useLogin
FNDA:0,(anonymous_77)
FNDA:1,useCreateAccount
FNDA:0,(anonymous_79)
FNDA:2,useGetDiet
FNDA:0,(anonymous_81)
FNDA:4,useGetRestrictions
FNDA:0,(anonymous_83)
FNDA:0,getDeleteDiet
FNDA:2,useDeleteDiet
FNDA:0,(anonymous_86)
FNDA:4,useAddRestriction
FNDA:0,(anonymous_88)
FNDA:1,useGetUpcSearch
FNDA:0,(anonymous_90)
FNDA:1,useGetFood
FNDA:0,(anonymous_92)
FNDA:1,useGetUsername
FNDA:0,(anonymous_94)
FNDA:1,useAddToGroceryList
FNDA:0,(anonymous_96)
FNDA:1,useGetGroceryList
FNDA:0,(anonymous_98)
FNDA:0,getDeleteGrocery
FNDA:1,useDeleteGrocery
FNDA:0,(anonymous_101)
FNDA:1,useTogglePurchased
FNDA:0,(anonymous_103)
FNDA:0,sleep
FNDA:0,(anonymous_105)
FNDA:0,useDummy
FNDA:0,(anonymous_107)
FNDA:0,(anonymous_108)
FNDA:0,getDeleteModification
FNDA:1,useDeleteModification
FNDA:0,(anonymous_111)
FNDA:3,useAddModification
FNDA:0,(anonymous_113)
FNDA:1,useGetFoodSearch
FNDA:0,(anonymous_115)
FNDA:0,getIngredients
FNDA:1,useGetIngredients
FNDA:0,(anonymous_118)
FNDA:1,sendPasswordReset
FNDA:0,(anonymous_120)
FNDA:0,validatePasswordResetToken
FNDA:0,(anonymous_122)
FNDA:1,resetPassword
FNDA:0,(anonymous_124)
FNDA:0,useGetFlaggedFoods
FNDA:0,(anonymous_126)
FNDA:1,useGetSavedFoods
FNDA:0,(anonymous_128)
FNDA:3,useSetFoodState
FNDA:0,(anonymous_130)
DA:5,25
DA:8,0
DA:12,0
DA:13,0
DA:16,0
DA:17,0
DA:19,0
DA:21,0
DA:28,0
DA:29,0
DA:31,0
DA:32,0
DA:34,0
DA:35,0
DA:36,0
DA:39,0
DA:41,0
DA:45,25
DA:49,0
DA:52,0
DA:56,25
DA:63,0
DA:66,0
DA:70,25
DA:74,0
DA:78,25
DA:82,0
DA:86,25
DA:90,0
DA:93,0
DA:97,25
DA:104,0
DA:107,0
DA:111,25
DA:115,0
DA:119,25
DA:123,0
DA:127,25
DA:131,0
DA:135,25
DA:136,0
DA:139,0
DA:142,0
DA:146,25
DA:150,0
DA:155,25
DA:159,0
DA:162,0
DA:166,25
DA:170,0
DA:174,25
DA:178,0
DA:182,25
DA:183,0
DA:186,0
DA:190,25
DA:194,0
DA:197,0
DA:201,25
DA:205,0
DA:208,0
DA:212,25
DA:216,0
DA:219,0
DA:223,25
DA:224,0
DA:227,0
DA:230,0
DA:234,25
DA:235,0
DA:238,0
DA:241,0
DA:245,25
DA:249,0
DA:254,25
DA:258,0
DA:263,25
DA:264,0
DA:267,0
DA:273,2
DA:274,2
DA:278,1
DA:279,1
DA:283,2
DA:284,2
DA:289,4
DA:290,4
DA:294,0
DA:295,0
DA:299,2
DA:300,2
DA:304,4
DA:305,4
DA:309,1
DA:310,1
DA:314,1
DA:315,1
DA:319,1
DA:320,1
DA:324,1
DA:325,1
DA:329,1
DA:330,1
DA:334,0
DA:335,0
DA:339,1
DA:340,1
DA:344,1
DA:345,1
DA:349,0
DA:353,0
DA:354,0
DA:359,0
DA:360,0
DA:364,1
DA:365,1
DA:369,3
DA:370,3
DA:376,1
DA:377,1
DA:381,0
DA:382,0
DA:386,1
DA:388,1
DA:392,1
DA:393,1
DA:397,0
DA:398,0
DA:402,1
DA:403,1
DA:407,0
DA:408,0
DA:412,1
DA:413,1
DA:417,3
DA:418,3
LF:136
LH:66
BRDA:9,0,0,0
BRDA:9,0,1,0
BRDA:12,1,0,0
BRDA:12,1,1,0
BRDA:16,2,0,0
BRDA:16,2,1,0
BRDA:25,3,0,0
BRDA:25,3,1,0
BRDA:28,4,0,0
BRDA:28,4,1,0
BRDA:29,5,0,0
BRDA:29,5,1,0
BRDA:31,6,0,0
BRDA:31,6,1,0
BRDA:32,7,0,0
BRDA:32,7,1,0
BRDA:34,8,0,0
BRDA:34,8,1,0
BRF:18
BRH:0
end_of_record
TN:
SF:src\hooks\useAsync.js
FN:4,useAsync
FN:9,execute
FN:15,(anonymous_2)
FN:19,(anonymous_3)
FN:23,(anonymous_4)
FN:26,background
FN:28,(anonymous_6)
FN:29,(anonymous_7)
FNF:8
FNH:1
FNDA:34,useAsync
FNDA:0,execute
FNDA:0,(anonymous_2)
FNDA:0,(anonymous_3)
FNDA:0,(anonymous_4)
FNDA:0,background
FNDA:0,(anonymous_6)
FNDA:0,(anonymous_7)
DA:5,34
DA:6,34
DA:7,34
DA:10,0
DA:11,0
DA:12,0
DA:14,0
DA:16,0
DA:17,0
DA:20,0
DA:21,0
DA:23,0
DA:27,0
DA:32,34
LF:14
LH:4
BRF:0
BRH:0
end_of_record
TN:
SF:src\screens\AddOptions.js
FN:11,SelectRestriction
FN:15,(anonymous_1)
FN:16,(anonymous_2)
FN:19,onAdd
FN:21,(anonymous_4)
FN:22,(anonymous_5)
FN:33,(anonymous_6)
FN:38,(anonymous_7)
FNF:8
FNH:2
FNDA:2,SelectRestriction
FNDA:2,(anonymous_1)
FNDA:0,(anonymous_2)
FNDA:0,onAdd
FNDA:0,(anonymous_4)
FNDA:0,(anonymous_5)
FNDA:0,(anonymous_6)
FNDA:0,(anonymous_7)
DA:12,2
DA:13,2
DA:15,2
DA:16,2
DA:20,0
DA:21,0
DA:27,2
DA:34,0
DA:38,0
LF:9
LH:5
BRF:0
BRH:0
end_of_record
TN:
SF:src\screens\GroceryList.js
FN:9,GroceryList
FN:15,(anonymous_1)
FN:16,(anonymous_2)
FN:19,onDelete
FN:21,(anonymous_4)
FN:22,(anonymous_5)
FN:25,onCheck
FN:27,(anonymous_7)
FN:28,(anonymous_8)
FN:31,renderItem
FN:33,(anonymous_10)
FN:33,(anonymous_11)
FN:48,(anonymous_12)
FNF:13
FNH:2
FNDA:1,GroceryList
FNDA:1,(anonymous_1)
FNDA:0,(anonymous_2)
FNDA:0,onDelete
FNDA:0,(anonymous_4)
FNDA:0,(anonymous_5)
FNDA:0,onCheck
FNDA:0,(anonymous_7)
FNDA:0,(anonymous_8)
FNDA:0,renderItem
FNDA:0,(anonymous_10)
FNDA:0,(anonymous_11)
FNDA:0,(anonymous_12)
DA:11,1
DA:12,1
DA:13,1
DA:15,1
DA:16,1
DA:20,0
DA:21,0
DA:26,0
DA:27,0
DA:32,0
DA:33,0
DA:40,1
DA:48,0
LF:13
LH:6
BRF:0
BRH:0
end_of_record
TN:
SF:src\screens\LandingPage.js
FN:9,LandingPage
FN:13,(anonymous_1)
FN:14,(anonymous_2)
FNF:3
FNH:2
FNDA:1,LandingPage
FNDA:1,(anonymous_1)
FNDA:0,(anonymous_2)
DA:11,1
DA:13,1
DA:14,1
DA:17,1
DA:38,1
DA:40,1
LF:6
LH:6
BRF:0
BRH:0
end_of_record
TN:
SF:src\screens\RestrictionInfo.js
FN:14,RestrictionInfo
FN:22,(anonymous_1)
FN:23,(anonymous_2)
FN:31,(anonymous_3)
FN:36,(anonymous_4)
FN:37,(anonymous_5)
FN:42,onAddException
FN:43,(anonymous_7)
FN:55,(anonymous_8)
FN:56,(anonymous_9)
FN:56,(anonymous_10)
FN:57,(anonymous_11)
FN:59,(anonymous_12)
FNF:13
FNH:3
FNDA:1,RestrictionInfo
FNDA:1,(anonymous_1)
FNDA:0,(anonymous_2)
FNDA:1,(anonymous_3)
FNDA:0,(anonymous_4)
FNDA:0,(anonymous_5)
FNDA:0,onAddException
FNDA:0,(anonymous_7)
FNDA:0,(anonymous_8)
FNDA:0,(anonymous_9)
FNDA:0,(anonymous_10)
FNDA:0,(anonymous_11)
FNDA:0,(anonymous_12)
DA:16,1
DA:17,1
DA:18,1
DA:20,1
DA:22,1
DA:23,1
DA:26,1
DA:27,1
DA:28,1
DA:29,1
DA:31,1
DA:32,1
DA:33,1
DA:35,0
DA:36,0
DA:43,0
DA:44,0
DA:45,0
DA:49,1
DA:56,0
DA:59,0
LF:21
LH:14
BRDA:32,0,0,1
BRDA:32,0,1,0
BRF:2
BRH:1
end_of_record
TN:
SF:src\screens\SavedFoods.js
FN:11,SavedFoods
FN:15,(anonymous_1)
FN:16,(anonymous_2)
FN:24,(anonymous_3)
FN:25,(anonymous_4)
FN:26,(anonymous_5)
FN:26,(anonymous_6)
FNF:7
FNH:2
FNDA:1,SavedFoods
FNDA:1,(anonymous_1)
FNDA:0,(anonymous_2)
FNDA:0,(anonymous_3)
FNDA:0,(anonymous_4)
FNDA:0,(anonymous_5)
FNDA:0,(anonymous_6)
DA:12,1
DA:13,1
DA:15,1
DA:16,1
DA:19,1
DA:24,0
DA:25,0
DA:26,0
LF:8
LH:5
BRF:0
BRH:0
end_of_record
TN:
SF:src\screens\SelectRestriction.js
FN:11,SelectRestriction
FN:15,(anonymous_1)
FN:16,(anonymous_2)
FN:19,onAdd
FN:21,(anonymous_4)
FN:22,(anonymous_5)
FN:33,(anonymous_6)
FN:38,(anonymous_7)
FNF:8
FNH:2
FNDA:1,SelectRestriction
FNDA:1,(anonymous_1)
FNDA:0,(anonymous_2)
FNDA:0,onAdd
FNDA:0,(anonymous_4)
FNDA:0,(anonymous_5)
FNDA:0,(anonymous_6)
FNDA:0,(anonymous_7)
DA:12,1
DA:13,1
DA:15,1
DA:16,1
DA:20,0
DA:21,0
DA:27,1
DA:34,0
DA:38,0
LF:9
LH:5
BRF:0
BRH:0
end_of_record
TN:
SF:src\screens\Settings.js
FN:10,Settings
FN:16,(anonymous_1)
FNF:2
FNH:1
FNDA:1,Settings
FNDA:0,(anonymous_1)
DA:11,1
DA:13,1
DA:16,0
LF:3
LH:2
BRF:0
BRH:0
end_of_record
TN:
SF:src\screens\TypeRestriction.js
FN:12,TypeRestriction
FN:19,(anonymous_1)
FN:24,(anonymous_2)
FN:25,(anonymous_3)
FN:35,onAddException
FN:39,onAddRestriction
FNF:6
FNH:2
FNDA:1,TypeRestriction
FNDA:1,(anonymous_1)
FNDA:0,(anonymous_2)
FNDA:0,(anonymous_3)
FNDA:0,onAddException
FNDA:0,onAddRestriction
DA:14,1
DA:15,1
DA:16,1
DA:17,1
DA:19,1
DA:20,1
DA:21,1
DA:23,0
DA:24,0
DA:29,0
DA:30,0
DA:36,0
DA:40,0
DA:43,1
LF:14
LH:8
BRDA:20,0,0,1
BRDA:20,0,1,0
BRF:2
BRH:1
end_of_record
TN:
SF:src\screens\ViewDiet.js
FN:40,ViewDiet
FN:54,load
FN:57,(anonymous_2)
FN:67,(anonymous_3)
FN:82,(anonymous_4)
FN:83,(anonymous_5)
FN:98,(anonymous_6)
FN:99,(anonymous_7)
FN:109,(anonymous_8)
FN:112,(anonymous_9)
FN:113,(anonymous_10)
FN:116,selectRestriction
FN:120,typeRestriction
FN:124,onDeleteRestriction
FN:126,(anonymous_14)
FN:129,onDeleteModification
FN:131,(anonymous_16)
FN:134,restrictionRenderItem
FN:137,(anonymous_18)
FN:137,(anonymous_19)
FN:144,modificationRenderItem
FN:150,(anonymous_21)
FN:157,renderItem
FN:172,categoriesRenderItem
FN:176,(anonymous_24)
FN:179,(anonymous_25)
FN:204,(anonymous_26)
FN:213,(anonymous_27)
FN:217,(anonymous_28)
FN:221,(anonymous_29)
FN:230,(anonymous_30)
FN:232,(anonymous_31)
FN:244,(anonymous_32)
FN:246,(anonymous_33)
FN:260,(anonymous_34)
FN:261,(anonymous_35)
FNF:36
FNH:2
FNDA:1,ViewDiet
FNDA:0,load
FNDA:0,(anonymous_2)
FNDA:0,(anonymous_3)
FNDA:0,(anonymous_4)
FNDA:0,(anonymous_5)
FNDA:0,(anonymous_6)
FNDA:0,(anonymous_7)
FNDA:0,(anonymous_8)
FNDA:1,(anonymous_9)
FNDA:0,(anonymous_10)
FNDA:0,selectRestriction
FNDA:0,typeRestriction
FNDA:0,onDeleteRestriction
FNDA:0,(anonymous_14)
FNDA:0,onDeleteModification
FNDA:0,(anonymous_16)
FNDA:0,restrictionRenderItem
FNDA:0,(anonymous_18)
FNDA:0,(anonymous_19)
FNDA:0,modificationRenderItem
FNDA:0,(anonymous_21)
FNDA:0,renderItem
FNDA:0,categoriesRenderItem
FNDA:0,(anonymous_24)
FNDA:0,(anonymous_25)
FNDA:0,(anonymous_26)
FNDA:0,(anonymous_27)
FNDA:0,(anonymous_28)
FNDA:0,(anonymous_29)
FNDA:0,(anonymous_30)
FNDA:0,(anonymous_31)
FNDA:0,(anonymous_32)
FNDA:0,(anonymous_33)
FNDA:0,(anonymous_34)
FNDA:0,(anonymous_35)
DA:42,1
DA:43,1
DA:44,1
DA:45,1
DA:46,1
DA:47,1
DA:49,1
DA:50,1
DA:52,1
DA:55,0
DA:56,0
DA:58,0
DA:60,0
DA:67,0
DA:68,0
DA:74,0
DA:81,0
DA:82,0
DA:84,0
DA:90,0
DA:97,0
DA:98,0
DA:100,0
DA:107,0
DA:112,1
DA:113,1
DA:117,0
DA:121,0
DA:125,0
DA:126,0
DA:130,0
DA:131,0
DA:135,0
DA:137,0
DA:145,0
DA:146,0
DA:148,0
DA:150,0
DA:158,0
DA:160,0
DA:166,0
DA:168,0
DA:173,0
DA:178,0
DA:180,0
DA:181,0
DA:191,1
DA:192,1
DA:193,1
DA:195,1
DA:204,0
DA:213,0
DA:217,0
DA:221,0
DA:231,0
DA:233,0
DA:234,0
DA:245,0
DA:247,0
DA:248,0
DA:260,0
DA:261,0
LF:62
LH:15
BRDA:145,0,0,0
BRDA:145,0,1,0
BRDA:146,1,0,0
BRDA:146,1,1,0
BRDA:158,2,0,0
BRDA:158,2,1,0
BRDA:158,2,2,0
BRDA:255,3,0,0
BRDA:255,3,1,1
BRF:9
BRH:1
end_of_record
TN:
SF:src\screens\ViewFlags.js
FN:9,ViewFlags
FN:17,(anonymous_1)
FN:18,(anonymous_2)
FN:21,addRestriction
FN:25,onDelete
FN:40,(anonymous_5)
FN:47,(anonymous_6)
FN:53,(anonymous_7)
FNF:8
FNH:4
FNDA:1,ViewFlags
FNDA:1,(anonymous_1)
FNDA:0,(anonymous_2)
FNDA:0,addRestriction
FNDA:0,onDelete
FNDA:3,(anonymous_5)
FNDA:0,(anonymous_6)
FNDA:3,(anonymous_7)
DA:11,1
DA:12,1
DA:14,1
DA:17,1
DA:18,1
DA:22,0
DA:29,1
DA:35,1
DA:41,3
DA:47,0
DA:53,3
LF:11
LH:9
BRF:0
BRH:0
end_of_record
TN:
SF:src\screens\auth\ChangePass.js
FN:9,ChangePass
FN:20,onReset
FN:27,(anonymous_2)
FN:28,(anonymous_3)
FNF:4
FNH:1
FNDA:1,ChangePass
FNDA:0,onReset
FNDA:0,(anonymous_2)
FNDA:0,(anonymous_3)
DA:10,1
DA:11,1
DA:12,1
DA:14,1
DA:15,1
DA:16,1
DA:18,1
DA:21,0
DA:22,0
DA:25,0
DA:26,0
DA:27,0
DA:32,1
LF:13
LH:8
BRDA:21,0,0,0
BRDA:21,0,1,0
BRDA:37,1,0,0
BRDA:37,1,1,1
BRDA:38,2,0,0
BRDA:38,2,1,1
BRDA:39,3,0,1
BRDA:39,3,1,0
BRDA:40,4,0,1
BRDA:40,4,1,1
BRF:10
BRH:5
end_of_record
TN:
SF:src\screens\auth\CreateAccount.js
FN:11,CreateAccount
FN:21,(anonymous_1)
FN:23,onSubmit
FN:25,(anonymous_3)
FN:25,(anonymous_4)
FN:26,(anonymous_5)
FNF:6
FNH:2
FNDA:1,CreateAccount
FNDA:1,(anonymous_1)
FNDA:0,onSubmit
FNDA:0,(anonymous_3)
FNDA:0,(anonymous_4)
FNDA:0,(anonymous_5)
DA:12,1
DA:14,1
DA:15,1
DA:16,1
DA:18,1
DA:19,1
DA:21,1
DA:24,0
DA:25,0
DA:29,1
LF:10
LH:8
BRF:0
BRH:0
end_of_record
TN:
SF:src\screens\auth\ForgotPass.js
FN:9,ForgotPass
FN:13,onSend
FN:15,(anonymous_2)
FN:16,(anonymous_3)
FNF:4
FNH:1
FNDA:1,ForgotPass
FNDA:0,onSend
FNDA:0,(anonymous_2)
FNDA:0,(anonymous_3)
DA:10,1
DA:11,1
DA:14,0
DA:15,0
DA:19,1
LF:5
LH:3
BRF:0
BRH:0
end_of_record
TN:
SF:src\screens\auth\Login.js
FN:10,Login
FN:18,(anonymous_1)
FN:20,onSubmit
FN:22,(anonymous_3)
FN:23,(anonymous_4)
FN:26,onCreateAccount
FN:30,onForgotPass
FNF:7
FNH:2
FNDA:1,Login
FNDA:1,(anonymous_1)
FNDA:0,onSubmit
FNDA:0,(anonymous_3)
FNDA:0,(anonymous_4)
FNDA:0,onCreateAccount
FNDA:0,onForgotPass
DA:11,1
DA:13,1
DA:14,1
DA:16,1
DA:18,1
DA:21,0
DA:22,0
DA:27,0
DA:31,0
DA:34,1
LF:10
LH:6
BRF:0
BRH:0
end_of_record
TN:
SF:src\screens\search\Food.js
FN:10,Food
FN:23,refresh
FN:26,(anonymous_2)
FN:27,(anonymous_3)
FN:32,(anonymous_4)
FN:37,(anonymous_5)
FN:38,(anonymous_6)
FN:43,(anonymous_7)
FN:49,(anonymous_8)
FN:50,(anonymous_9)
FN:53,(anonymous_10)
FN:70,onAdd
FN:73,(anonymous_12)
FN:204,(anonymous_13)
FN:214,(anonymous_14)
FN:242,(anonymous_15)
FN:242,(anonymous_16)
FN:246,(anonymous_17)
FN:246,(anonymous_18)
FN:250,(anonymous_19)
FN:250,(anonymous_20)
FNF:21
FNH:3
FNDA:1,Food
FNDA:0,refresh
FNDA:0,(anonymous_2)
FNDA:0,(anonymous_3)
FNDA:0,(anonymous_4)
FNDA:0,(anonymous_5)
FNDA:0,(anonymous_6)
FNDA:0,(anonymous_7)
FNDA:1,(anonymous_8)
FNDA:0,(anonymous_9)
FNDA:1,(anonymous_10)
FNDA:0,onAdd
FNDA:0,(anonymous_12)
FNDA:0,(anonymous_13)
FNDA:0,(anonymous_14)
FNDA:0,(anonymous_15)
FNDA:0,(anonymous_16)
FNDA:0,(anonymous_17)
FNDA:0,(anonymous_18)
FNDA:0,(anonymous_19)
FNDA:0,(anonymous_20)
DA:11,1
DA:12,1
DA:13,1
DA:15,1
DA:16,1
DA:17,1
DA:18,1
DA:19,1
DA:21,1
DA:24,0
DA:25,0
DA:26,0
DA:28,0
DA:32,0
DA:36,0
DA:37,0
DA:39,0
DA:43,0
DA:49,1
DA:50,1
DA:53,1
DA:55,1
DA:56,0
DA:57,1
DA:58,0
DA:60,1
DA:63,1
DA:71,0
DA:76,1
DA:205,0
DA:215,0
DA:242,0
DA:246,0
DA:250,0
LF:34
LH:17
BRDA:24,0,0,0
BRDA:24,0,1,0
BRDA:55,1,0,0
BRDA:55,1,1,1
BRDA:55,2,0,1
BRDA:55,2,1,1
BRDA:57,3,0,0
BRDA:57,3,1,1
BRDA:132,4,0,1
BRDA:132,4,1,1
BRDA:152,5,0,0
BRDA:152,5,1,1
BRDA:158,6,0,0
BRDA:158,6,1,1
BRDA:166,7,0,0
BRDA:166,7,1,1
BRDA:174,8,0,0
BRDA:174,8,1,1
BRDA:182,9,0,0
BRDA:182,9,1,1
BRDA:201,10,0,1
BRDA:201,10,1,0
BRDA:219,11,0,0
BRDA:219,11,1,0
BRF:24
BRH:12
end_of_record
TN:
SF:src\screens\search\FoodSearch.js
FN:12,FoodSearch
FN:16,(anonymous_1)
FN:20,(anonymous_2)
FN:22,renderHeader
FN:36,(anonymous_4)
FN:44,(anonymous_5)
FN:51,(anonymous_6)
FN:57,(anonymous_7)
FN:58,(anonymous_8)
FN:63,openScanner
FN:67,getEmptyComponent
FN:85,(anonymous_11)
FNF:12
FNH:4
FNDA:1,FoodSearch
FNDA:0,(anonymous_1)
FNDA:1,(anonymous_2)
FNDA:0,renderHeader
FNDA:0,(anonymous_4)
FNDA:0,(anonymous_5)
FNDA:1,(anonymous_6)
FNDA:0,(anonymous_7)
FNDA:0,(anonymous_8)
FNDA:0,openScanner
FNDA:1,getEmptyComponent
FNDA:0,(anonymous_11)
DA:13,1
DA:14,1
DA:16,1
DA:17,0
DA:20,1
DA:23,0
DA:36,0
DA:44,0
DA:51,1
DA:52,1
DA:57,1
DA:58,0
DA:64,0
DA:68,1
DA:79,1
DA:85,0
LF:16
LH:9
BRDA:70,0,0,0
BRDA:70,0,1,1
BRF:2
BRH:1
end_of_record
TN:
SF:src\screens\search\Scanner.js
FN:7,Scanner
FN:11,(anonymous_1)
FN:12,(anonymous_2)
FN:17,(anonymous_3)
FN:18,(anonymous_4)
FN:24,(anonymous_5)
FNF:6
FNH:4
FNDA:1,Scanner
FNDA:1,(anonymous_1)
FNDA:0,(anonymous_2)
FNDA:1,(anonymous_3)
FNDA:1,(anonymous_4)
FNDA:0,(anonymous_5)
DA:8,1
DA:9,1
DA:11,1
DA:12,1
DA:15,1
DA:17,1
DA:18,1
DA:19,1
DA:20,0
DA:24,1
DA:25,0
DA:26,0
DA:27,0
DA:30,1
DA:31,1
DA:35,0
DA:36,0
DA:48,0
LF:18
LH:11
BRDA:30,0,0,1
BRDA:30,0,1,0
BRDA:35,1,0,0
BRDA:35,1,1,0
BRDA:51,2,0,0
BRDA:51,2,1,0
BRF:6
BRH:1
end_of_record
